mode: set
github.com/Brightscout/mattermost-plugin-azure-devops/server/store/link.go:24.36,28.2 1 1
github.com/Brightscout/mattermost-plugin-azure-devops/server/store/link.go:30.105,32.16 2 1
github.com/Brightscout/mattermost-plugin-azure-devops/server/store/link.go:35.2,37.23 3 1
github.com/Brightscout/mattermost-plugin-azure-devops/server/store/link.go:40.2,40.27 1 1
github.com/Brightscout/mattermost-plugin-azure-devops/server/store/link.go:32.16,34.3 1 1
github.com/Brightscout/mattermost-plugin-azure-devops/server/store/link.go:37.23,39.3 1 1
github.com/Brightscout/mattermost-plugin-azure-devops/server/store/link.go:43.73,45.74 2 1
github.com/Brightscout/mattermost-plugin-azure-devops/server/store/link.go:51.2,51.12 1 1
github.com/Brightscout/mattermost-plugin-azure-devops/server/store/link.go:45.74,47.3 1 0
github.com/Brightscout/mattermost-plugin-azure-devops/server/store/link.go:47.17,49.3 1 1
github.com/Brightscout/mattermost-plugin-azure-devops/server/store/link.go:54.96,55.64 1 1
github.com/Brightscout/mattermost-plugin-azure-devops/server/store/link.go:58.2,65.71 3 1
github.com/Brightscout/mattermost-plugin-azure-devops/server/store/link.go:55.64,57.3 1 1
github.com/Brightscout/mattermost-plugin-azure-devops/server/store/link.go:68.52,71.19 3 1
github.com/Brightscout/mattermost-plugin-azure-devops/server/store/link.go:74.2,75.16 2 1
github.com/Brightscout/mattermost-plugin-azure-devops/server/store/link.go:78.2,78.22 1 1
github.com/Brightscout/mattermost-plugin-azure-devops/server/store/link.go:71.19,73.3 1 1
github.com/Brightscout/mattermost-plugin-azure-devops/server/store/link.go:75.16,77.3 1 1
github.com/Brightscout/mattermost-plugin-azure-devops/server/store/link.go:81.85,83.16 2 1
github.com/Brightscout/mattermost-plugin-azure-devops/server/store/link.go:86.2,87.62 2 1
github.com/Brightscout/mattermost-plugin-azure-devops/server/store/link.go:90.2,90.25 1 1
github.com/Brightscout/mattermost-plugin-azure-devops/server/store/link.go:83.16,85.3 1 1
github.com/Brightscout/mattermost-plugin-azure-devops/server/store/link.go:87.62,89.3 1 0
github.com/Brightscout/mattermost-plugin-azure-devops/server/store/link.go:93.106,95.16 2 1
github.com/Brightscout/mattermost-plugin-azure-devops/server/store/link.go:98.2,101.23 4 1
github.com/Brightscout/mattermost-plugin-azure-devops/server/store/link.go:104.2,104.27 1 1
github.com/Brightscout/mattermost-plugin-azure-devops/server/store/link.go:95.16,97.3 1 1
github.com/Brightscout/mattermost-plugin-azure-devops/server/store/link.go:101.23,103.3 1 1
github.com/Brightscout/mattermost-plugin-azure-devops/server/store/link.go:107.74,109.74 2 1
github.com/Brightscout/mattermost-plugin-azure-devops/server/store/link.go:115.2,115.12 1 1
github.com/Brightscout/mattermost-plugin-azure-devops/server/store/link.go:109.74,111.3 1 0
github.com/Brightscout/mattermost-plugin-azure-devops/server/store/link.go:111.17,113.3 1 1
github.com/Brightscout/mattermost-plugin-azure-devops/server/store/link.go:118.79,119.58 1 1
github.com/Brightscout/mattermost-plugin-azure-devops/server/store/link.go:119.58,120.24 1 1
github.com/Brightscout/mattermost-plugin-azure-devops/server/store/link.go:120.24,122.4 1 1
github.com/Brightscout/mattermost-plugin-azure-devops/server/store/link.go:126.62,128.21 2 1
github.com/Brightscout/mattermost-plugin-azure-devops/server/store/link.go:136.2,136.25 1 1
github.com/Brightscout/mattermost-plugin-azure-devops/server/store/link.go:128.21,130.26 2 1
github.com/Brightscout/mattermost-plugin-azure-devops/server/store/link.go:130.26,132.4 1 1
github.com/Brightscout/mattermost-plugin-azure-devops/server/store/link.go:133.8,135.3 1 1
github.com/Brightscout/mattermost-plugin-azure-devops/server/store/oAuth.go:14.71,17.2 2 0
github.com/Brightscout/mattermost-plugin-azure-devops/server/store/oAuth.go:19.72,22.16 3 0
github.com/Brightscout/mattermost-plugin-azure-devops/server/store/oAuth.go:29.2,29.34 1 0
github.com/Brightscout/mattermost-plugin-azure-devops/server/store/oAuth.go:32.2,32.12 1 0
github.com/Brightscout/mattermost-plugin-azure-devops/server/store/oAuth.go:22.16,23.25 1 0
github.com/Brightscout/mattermost-plugin-azure-devops/server/store/oAuth.go:26.3,26.13 1 0
github.com/Brightscout/mattermost-plugin-azure-devops/server/store/oAuth.go:23.25,25.4 1 0
github.com/Brightscout/mattermost-plugin-azure-devops/server/store/oAuth.go:29.34,31.3 1 0
github.com/Brightscout/mattermost-plugin-azure-devops/server/store/store.go:21.39,25.2 1 0
github.com/Brightscout/mattermost-plugin-azure-devops/server/store/store.go:27.50,29.19 2 0
github.com/Brightscout/mattermost-plugin-azure-devops/server/store/store.go:32.2,32.17 1 0
github.com/Brightscout/mattermost-plugin-azure-devops/server/store/store.go:35.2,35.18 1 0
github.com/Brightscout/mattermost-plugin-azure-devops/server/store/store.go:29.19,31.3 1 0
github.com/Brightscout/mattermost-plugin-azure-devops/server/store/store.go:32.17,34.3 1 0
github.com/Brightscout/mattermost-plugin-azure-devops/server/store/store.go:38.54,39.53 1 0
github.com/Brightscout/mattermost-plugin-azure-devops/server/store/store.go:42.2,42.12 1 0
github.com/Brightscout/mattermost-plugin-azure-devops/server/store/store.go:39.53,41.3 1 0
github.com/Brightscout/mattermost-plugin-azure-devops/server/store/store.go:45.75,47.19 2 0
github.com/Brightscout/mattermost-plugin-azure-devops/server/store/store.go:50.2,50.12 1 0
github.com/Brightscout/mattermost-plugin-azure-devops/server/store/store.go:47.19,49.3 1 0
github.com/Brightscout/mattermost-plugin-azure-devops/server/store/store.go:53.105,55.19 2 0
github.com/Brightscout/mattermost-plugin-azure-devops/server/store/store.go:58.2,58.21 1 0
github.com/Brightscout/mattermost-plugin-azure-devops/server/store/store.go:55.19,57.3 1 0
github.com/Brightscout/mattermost-plugin-azure-devops/server/store/store.go:61.42,63.19 2 0
github.com/Brightscout/mattermost-plugin-azure-devops/server/store/store.go:66.2,66.12 1 0
github.com/Brightscout/mattermost-plugin-azure-devops/server/store/store.go:63.19,65.3 1 0
github.com/Brightscout/mattermost-plugin-azure-devops/server/store/subscriptions.go:25.46,29.2 1 1
github.com/Brightscout/mattermost-plugin-azure-devops/server/store/subscriptions.go:31.120,33.16 2 1
github.com/Brightscout/mattermost-plugin-azure-devops/server/store/subscriptions.go:37.2,39.23 3 1
github.com/Brightscout/mattermost-plugin-azure-devops/server/store/subscriptions.go:42.2,42.27 1 1
github.com/Brightscout/mattermost-plugin-azure-devops/server/store/subscriptions.go:33.16,35.3 1 1
github.com/Brightscout/mattermost-plugin-azure-devops/server/store/subscriptions.go:39.23,41.3 1 1
github.com/Brightscout/mattermost-plugin-azure-devops/server/store/subscriptions.go:45.88,47.74 2 1
github.com/Brightscout/mattermost-plugin-azure-devops/server/store/subscriptions.go:53.2,53.12 1 1
github.com/Brightscout/mattermost-plugin-azure-devops/server/store/subscriptions.go:47.74,49.3 1 0
github.com/Brightscout/mattermost-plugin-azure-devops/server/store/subscriptions.go:49.17,51.3 1 1
github.com/Brightscout/mattermost-plugin-azure-devops/server/store/subscriptions.go:56.121,57.69 1 1
github.com/Brightscout/mattermost-plugin-azure-devops/server/store/subscriptions.go:61.2,72.86 3 1
github.com/Brightscout/mattermost-plugin-azure-devops/server/store/subscriptions.go:57.69,59.3 1 1
github.com/Brightscout/mattermost-plugin-azure-devops/server/store/subscriptions.go:75.62,78.19 3 1
github.com/Brightscout/mattermost-plugin-azure-devops/server/store/subscriptions.go:82.2,83.16 2 1
github.com/Brightscout/mattermost-plugin-azure-devops/server/store/subscriptions.go:87.2,87.27 1 1
github.com/Brightscout/mattermost-plugin-azure-devops/server/store/subscriptions.go:78.19,80.3 1 1
github.com/Brightscout/mattermost-plugin-azure-devops/server/store/subscriptions.go:83.16,85.3 1 1
github.com/Brightscout/mattermost-plugin-azure-devops/server/store/subscriptions.go:90.95,92.16 2 1
github.com/Brightscout/mattermost-plugin-azure-devops/server/store/subscriptions.go:96.2,97.72 2 1
github.com/Brightscout/mattermost-plugin-azure-devops/server/store/subscriptions.go:101.2,101.30 1 1
github.com/Brightscout/mattermost-plugin-azure-devops/server/store/subscriptions.go:92.16,94.3 1 1
github.com/Brightscout/mattermost-plugin-azure-devops/server/store/subscriptions.go:97.72,99.3 1 0
github.com/Brightscout/mattermost-plugin-azure-devops/server/store/subscriptions.go:104.121,106.16 2 1
github.com/Brightscout/mattermost-plugin-azure-devops/server/store/subscriptions.go:109.2,112.23 4 1
github.com/Brightscout/mattermost-plugin-azure-devops/server/store/subscriptions.go:115.2,115.27 1 1
github.com/Brightscout/mattermost-plugin-azure-devops/server/store/subscriptions.go:106.16,108.3 1 1
github.com/Brightscout/mattermost-plugin-azure-devops/server/store/subscriptions.go:112.23,114.3 1 1
github.com/Brightscout/mattermost-plugin-azure-devops/server/store/subscriptions.go:118.89,120.74 2 1
github.com/Brightscout/mattermost-plugin-azure-devops/server/store/subscriptions.go:126.2,126.12 1 1
github.com/Brightscout/mattermost-plugin-azure-devops/server/store/subscriptions.go:120.74,122.3 1 0
github.com/Brightscout/mattermost-plugin-azure-devops/server/store/subscriptions.go:122.17,124.3 1 1
github.com/Brightscout/mattermost-plugin-azure-devops/server/store/subscriptions.go:129.99,130.63 1 1
github.com/Brightscout/mattermost-plugin-azure-devops/server/store/subscriptions.go:130.63,131.29 1 1
github.com/Brightscout/mattermost-plugin-azure-devops/server/store/subscriptions.go:131.29,133.4 1 1
github.com/Brightscout/mattermost-plugin-azure-devops/server/store/subscriptions.go:137.72,139.21 2 1
github.com/Brightscout/mattermost-plugin-azure-devops/server/store/subscriptions.go:147.2,147.30 1 1
github.com/Brightscout/mattermost-plugin-azure-devops/server/store/subscriptions.go:139.21,141.26 2 1
github.com/Brightscout/mattermost-plugin-azure-devops/server/store/subscriptions.go:141.26,143.4 1 1
github.com/Brightscout/mattermost-plugin-azure-devops/server/store/subscriptions.go:144.8,146.3 1 1
github.com/Brightscout/mattermost-plugin-azure-devops/server/store/user.go:11.57,12.78 1 0
github.com/Brightscout/mattermost-plugin-azure-devops/server/store/user.go:16.2,16.12 1 0
github.com/Brightscout/mattermost-plugin-azure-devops/server/store/user.go:12.78,14.3 1 0
github.com/Brightscout/mattermost-plugin-azure-devops/server/store/user.go:19.78,21.73 2 0
github.com/Brightscout/mattermost-plugin-azure-devops/server/store/user.go:24.2,24.19 1 0
github.com/Brightscout/mattermost-plugin-azure-devops/server/store/user.go:21.73,23.3 1 0
github.com/Brightscout/mattermost-plugin-azure-devops/server/store/user.go:27.67,28.64 1 0
github.com/Brightscout/mattermost-plugin-azure-devops/server/store/user.go:32.2,32.18 1 0
github.com/Brightscout/mattermost-plugin-azure-devops/server/store/user.go:28.64,30.3 1 0
github.com/Brightscout/mattermost-plugin-azure-devops/server/store/utils.go:21.69,23.13 2 0
github.com/Brightscout/mattermost-plugin-azure-devops/server/store/utils.go:32.2,32.46 1 0
github.com/Brightscout/mattermost-plugin-azure-devops/server/store/utils.go:37.2,38.16 2 0
github.com/Brightscout/mattermost-plugin-azure-devops/server/store/utils.go:41.2,41.19 1 0
github.com/Brightscout/mattermost-plugin-azure-devops/server/store/utils.go:24.11,25.20 1 0
github.com/Brightscout/mattermost-plugin-azure-devops/server/store/utils.go:26.19,27.8 1 0
github.com/Brightscout/mattermost-plugin-azure-devops/server/store/utils.go:28.10,29.18 1 0
github.com/Brightscout/mattermost-plugin-azure-devops/server/store/utils.go:32.46,34.3 1 0
github.com/Brightscout/mattermost-plugin-azure-devops/server/store/utils.go:38.16,40.3 1 0
github.com/Brightscout/mattermost-plugin-azure-devops/server/store/utils.go:46.71,48.16 2 0
github.com/Brightscout/mattermost-plugin-azure-devops/server/store/utils.go:52.2,52.17 1 0
github.com/Brightscout/mattermost-plugin-azure-devops/server/store/utils.go:56.2,56.32 1 0
github.com/Brightscout/mattermost-plugin-azure-devops/server/store/utils.go:48.16,50.3 1 0
github.com/Brightscout/mattermost-plugin-azure-devops/server/store/utils.go:52.17,54.3 1 0
github.com/Brightscout/mattermost-plugin-azure-devops/server/store/utils.go:60.72,62.16 2 0
github.com/Brightscout/mattermost-plugin-azure-devops/server/store/utils.go:65.2,65.27 1 0
github.com/Brightscout/mattermost-plugin-azure-devops/server/store/utils.go:62.16,64.3 1 0
github.com/Brightscout/mattermost-plugin-azure-devops/server/store/utils.go:72.136,74.6 2 0
github.com/Brightscout/mattermost-plugin-azure-devops/server/store/utils.go:74.6,76.45 2 0
github.com/Brightscout/mattermost-plugin-azure-devops/server/store/utils.go:80.3,81.17 2 0
github.com/Brightscout/mattermost-plugin-azure-devops/server/store/utils.go:86.3,86.42 1 0
github.com/Brightscout/mattermost-plugin-azure-devops/server/store/utils.go:90.3,90.18 1 0
github.com/Brightscout/mattermost-plugin-azure-devops/server/store/utils.go:93.3,96.22 4 0
github.com/Brightscout/mattermost-plugin-azure-devops/server/store/utils.go:99.3,99.14 1 0
github.com/Brightscout/mattermost-plugin-azure-devops/server/store/utils.go:103.3,104.51 2 0
github.com/Brightscout/mattermost-plugin-azure-devops/server/store/utils.go:108.3,108.40 1 0
github.com/Brightscout/mattermost-plugin-azure-devops/server/store/utils.go:76.45,78.4 1 0
github.com/Brightscout/mattermost-plugin-azure-devops/server/store/utils.go:81.17,83.4 1 0
github.com/Brightscout/mattermost-plugin-azure-devops/server/store/utils.go:86.42,88.4 1 0
github.com/Brightscout/mattermost-plugin-azure-devops/server/store/utils.go:90.18,92.4 1 0
github.com/Brightscout/mattermost-plugin-azure-devops/server/store/utils.go:96.22,98.4 1 0
github.com/Brightscout/mattermost-plugin-azure-devops/server/store/utils.go:99.14,101.4 1 0
github.com/Brightscout/mattermost-plugin-azure-devops/server/store/utils.go:104.51,106.4 1 0
github.com/Brightscout/mattermost-plugin-azure-devops/server/store/utils.go:115.98,116.109 1 0
github.com/Brightscout/mattermost-plugin-azure-devops/server/store/utils.go:116.109,119.3 2 0
github.com/Brightscout/mattermost-plugin-azure-devops/server/store/utils.go:122.36,124.2 1 1
github.com/Brightscout/mattermost-plugin-azure-devops/server/store/utils.go:126.63,128.2 1 1
github.com/Brightscout/mattermost-plugin-azure-devops/server/store/utils.go:130.50,132.2 1 0
github.com/Brightscout/mattermost-plugin-azure-devops/server/store/utils.go:134.41,136.2 1 1
github.com/Brightscout/mattermost-plugin-azure-devops/server/store/utils.go:138.90,140.2 1 1
github.com/Brightscout/mattermost-plugin-azure-devops/server/store/utils.go:143.36,147.2 3 1
github.com/Brightscout/mattermost-plugin-azure-devops/server/plugin/utils.go:22.126,31.2 3 0
github.com/Brightscout/mattermost-plugin-azure-devops/server/plugin/utils.go:34.91,36.16 2 1
github.com/Brightscout/mattermost-plugin-azure-devops/server/plugin/utils.go:40.2,46.16 3 1
github.com/Brightscout/mattermost-plugin-azure-devops/server/plugin/utils.go:50.2,50.25 1 1
github.com/Brightscout/mattermost-plugin-azure-devops/server/plugin/utils.go:36.16,39.3 2 0
github.com/Brightscout/mattermost-plugin-azure-devops/server/plugin/utils.go:46.16,49.3 2 0
github.com/Brightscout/mattermost-plugin-azure-devops/server/plugin/utils.go:54.50,58.2 3 0
github.com/Brightscout/mattermost-plugin-azure-devops/server/plugin/utils.go:61.57,64.16 3 0
github.com/Brightscout/mattermost-plugin-azure-devops/server/plugin/utils.go:67.2,67.33 1 0
github.com/Brightscout/mattermost-plugin-azure-devops/server/plugin/utils.go:64.16,66.3 1 0
github.com/Brightscout/mattermost-plugin-azure-devops/server/plugin/utils.go:71.64,72.22 1 0
github.com/Brightscout/mattermost-plugin-azure-devops/server/plugin/utils.go:76.2,77.16 2 0
github.com/Brightscout/mattermost-plugin-azure-devops/server/plugin/utils.go:81.2,82.16 2 0
github.com/Brightscout/mattermost-plugin-azure-devops/server/plugin/utils.go:86.2,87.58 2 0
github.com/Brightscout/mattermost-plugin-azure-devops/server/plugin/utils.go:91.2,92.38 2 0
github.com/Brightscout/mattermost-plugin-azure-devops/server/plugin/utils.go:72.22,74.3 1 0
github.com/Brightscout/mattermost-plugin-azure-devops/server/plugin/utils.go:77.16,79.3 1 0
github.com/Brightscout/mattermost-plugin-azure-devops/server/plugin/utils.go:82.16,84.3 1 0
github.com/Brightscout/mattermost-plugin-azure-devops/server/plugin/utils.go:87.58,89.3 1 0
github.com/Brightscout/mattermost-plugin-azure-devops/server/plugin/utils.go:96.68,97.22 1 0
github.com/Brightscout/mattermost-plugin-azure-devops/server/plugin/utils.go:101.2,102.16 2 0
github.com/Brightscout/mattermost-plugin-azure-devops/server/plugin/utils.go:106.2,107.16 2 0
github.com/Brightscout/mattermost-plugin-azure-devops/server/plugin/utils.go:111.2,112.32 2 0
github.com/Brightscout/mattermost-plugin-azure-devops/server/plugin/utils.go:116.2,118.16 3 0
github.com/Brightscout/mattermost-plugin-azure-devops/server/plugin/utils.go:122.2,122.19 1 0
github.com/Brightscout/mattermost-plugin-azure-devops/server/plugin/utils.go:97.22,99.3 1 0
github.com/Brightscout/mattermost-plugin-azure-devops/server/plugin/utils.go:102.16,104.3 1 0
github.com/Brightscout/mattermost-plugin-azure-devops/server/plugin/utils.go:107.16,109.3 1 0
github.com/Brightscout/mattermost-plugin-azure-devops/server/plugin/utils.go:112.32,114.3 1 0
github.com/Brightscout/mattermost-plugin-azure-devops/server/plugin/utils.go:118.16,120.3 1 0
github.com/Brightscout/mattermost-plugin-azure-devops/server/plugin/utils.go:125.38,127.2 1 1
github.com/Brightscout/mattermost-plugin-azure-devops/server/plugin/utils.go:129.44,131.2 1 1
github.com/Brightscout/mattermost-plugin-azure-devops/server/plugin/utils.go:133.40,135.2 1 1
github.com/Brightscout/mattermost-plugin-azure-devops/server/plugin/utils.go:137.65,139.16 2 0
github.com/Brightscout/mattermost-plugin-azure-devops/server/plugin/utils.go:142.2,143.16 2 0
github.com/Brightscout/mattermost-plugin-azure-devops/server/plugin/utils.go:146.2,146.42 1 0
github.com/Brightscout/mattermost-plugin-azure-devops/server/plugin/utils.go:139.16,141.3 1 0
github.com/Brightscout/mattermost-plugin-azure-devops/server/plugin/utils.go:143.16,145.3 1 0
github.com/Brightscout/mattermost-plugin-azure-devops/server/plugin/utils.go:150.83,152.16 2 0
github.com/Brightscout/mattermost-plugin-azure-devops/server/plugin/utils.go:155.2,156.16 2 0
github.com/Brightscout/mattermost-plugin-azure-devops/server/plugin/utils.go:160.2,161.12 2 0
github.com/Brightscout/mattermost-plugin-azure-devops/server/plugin/utils.go:152.16,154.3 1 0
github.com/Brightscout/mattermost-plugin-azure-devops/server/plugin/utils.go:156.16,158.3 1 0
github.com/Brightscout/mattermost-plugin-azure-devops/server/plugin/utils.go:164.148,165.32 1 1
github.com/Brightscout/mattermost-plugin-azure-devops/server/plugin/utils.go:170.2,170.19 1 1
github.com/Brightscout/mattermost-plugin-azure-devops/server/plugin/utils.go:165.32,166.93 1 1
github.com/Brightscout/mattermost-plugin-azure-devops/server/plugin/utils.go:166.93,168.4 1 0
github.com/Brightscout/mattermost-plugin-azure-devops/server/plugin/utils.go:173.179,174.37 1 0
github.com/Brightscout/mattermost-plugin-azure-devops/server/plugin/utils.go:179.2,179.19 1 0
github.com/Brightscout/mattermost-plugin-azure-devops/server/plugin/utils.go:174.37,175.185 1 0
github.com/Brightscout/mattermost-plugin-azure-devops/server/plugin/utils.go:175.185,177.4 1 0
github.com/Brightscout/mattermost-plugin-azure-devops/server/plugin/utils.go:182.76,184.16 2 0
github.com/Brightscout/mattermost-plugin-azure-devops/server/plugin/utils.go:188.2,188.27 1 0
github.com/Brightscout/mattermost-plugin-azure-devops/server/plugin/utils.go:192.2,192.18 1 0
github.com/Brightscout/mattermost-plugin-azure-devops/server/plugin/utils.go:184.16,186.3 1 0
github.com/Brightscout/mattermost-plugin-azure-devops/server/plugin/utils.go:188.27,190.3 1 0
github.com/Brightscout/mattermost-plugin-azure-devops/server/plugin/utils.go:195.57,197.2 1 0
github.com/Brightscout/mattermost-plugin-azure-devops/server/plugin/api.go:19.40,26.2 4 1
github.com/Brightscout/mattermost-plugin-azure-devops/server/plugin/api.go:29.31,49.2 15 1
github.com/Brightscout/mattermost-plugin-azure-devops/server/plugin/api.go:52.75,56.16 3 1
github.com/Brightscout/mattermost-plugin-azure-devops/server/plugin/api.go:62.2,62.59 1 1
github.com/Brightscout/mattermost-plugin-azure-devops/server/plugin/api.go:67.2,68.16 2 1
github.com/Brightscout/mattermost-plugin-azure-devops/server/plugin/api.go:72.2,73.16 2 1
github.com/Brightscout/mattermost-plugin-azure-devops/server/plugin/api.go:78.2,79.45 2 1
github.com/Brightscout/mattermost-plugin-azure-devops/server/plugin/api.go:83.2,86.63 2 1
github.com/Brightscout/mattermost-plugin-azure-devops/server/plugin/api.go:56.16,60.3 3 1
github.com/Brightscout/mattermost-plugin-azure-devops/server/plugin/api.go:62.59,65.3 2 1
github.com/Brightscout/mattermost-plugin-azure-devops/server/plugin/api.go:68.16,71.3 2 0
github.com/Brightscout/mattermost-plugin-azure-devops/server/plugin/api.go:73.16,76.3 2 1
github.com/Brightscout/mattermost-plugin-azure-devops/server/plugin/api.go:79.45,81.3 1 0
github.com/Brightscout/mattermost-plugin-azure-devops/server/plugin/api.go:86.63,88.3 1 0
github.com/Brightscout/mattermost-plugin-azure-devops/server/plugin/api.go:92.69,96.46 4 1
github.com/Brightscout/mattermost-plugin-azure-devops/server/plugin/api.go:102.2,102.49 1 1
github.com/Brightscout/mattermost-plugin-azure-devops/server/plugin/api.go:108.2,109.16 2 1
github.com/Brightscout/mattermost-plugin-azure-devops/server/plugin/api.go:115.2,115.167 1 1
github.com/Brightscout/mattermost-plugin-azure-devops/server/plugin/api.go:122.2,123.16 2 1
github.com/Brightscout/mattermost-plugin-azure-devops/server/plugin/api.go:128.2,135.65 2 1
github.com/Brightscout/mattermost-plugin-azure-devops/server/plugin/api.go:140.2,141.52 2 1
github.com/Brightscout/mattermost-plugin-azure-devops/server/plugin/api.go:96.46,100.3 3 1
github.com/Brightscout/mattermost-plugin-azure-devops/server/plugin/api.go:102.49,106.3 3 1
github.com/Brightscout/mattermost-plugin-azure-devops/server/plugin/api.go:109.16,113.3 3 0
github.com/Brightscout/mattermost-plugin-azure-devops/server/plugin/api.go:115.167,116.87 1 0
github.com/Brightscout/mattermost-plugin-azure-devops/server/plugin/api.go:119.3,119.9 1 0
github.com/Brightscout/mattermost-plugin-azure-devops/server/plugin/api.go:116.87,118.4 1 0
github.com/Brightscout/mattermost-plugin-azure-devops/server/plugin/api.go:123.16,126.3 2 0
github.com/Brightscout/mattermost-plugin-azure-devops/server/plugin/api.go:135.65,138.3 2 0
github.com/Brightscout/mattermost-plugin-azure-devops/server/plugin/api.go:145.85,148.16 3 1
github.com/Brightscout/mattermost-plugin-azure-devops/server/plugin/api.go:155.2,158.24 3 1
github.com/Brightscout/mattermost-plugin-azure-devops/server/plugin/api.go:163.2,164.16 2 1
github.com/Brightscout/mattermost-plugin-azure-devops/server/plugin/api.go:170.2,170.45 1 1
github.com/Brightscout/mattermost-plugin-azure-devops/server/plugin/api.go:148.16,153.3 4 1
github.com/Brightscout/mattermost-plugin-azure-devops/server/plugin/api.go:158.24,161.3 2 1
github.com/Brightscout/mattermost-plugin-azure-devops/server/plugin/api.go:164.16,168.3 3 0
github.com/Brightscout/mattermost-plugin-azure-devops/server/plugin/api.go:170.45,172.3 1 0
github.com/Brightscout/mattermost-plugin-azure-devops/server/plugin/api.go:176.78,181.49 4 1
github.com/Brightscout/mattermost-plugin-azure-devops/server/plugin/api.go:187.2,188.16 2 1
github.com/Brightscout/mattermost-plugin-azure-devops/server/plugin/api.go:194.2,194.86 1 1
github.com/Brightscout/mattermost-plugin-azure-devops/server/plugin/api.go:200.2,205.23 1 1
github.com/Brightscout/mattermost-plugin-azure-devops/server/plugin/api.go:210.2,214.16 3 1
github.com/Brightscout/mattermost-plugin-azure-devops/server/plugin/api.go:220.2,222.45 3 1
github.com/Brightscout/mattermost-plugin-azure-devops/server/plugin/api.go:181.49,185.3 3 1
github.com/Brightscout/mattermost-plugin-azure-devops/server/plugin/api.go:188.16,192.3 3 0
github.com/Brightscout/mattermost-plugin-azure-devops/server/plugin/api.go:194.86,198.3 3 0
github.com/Brightscout/mattermost-plugin-azure-devops/server/plugin/api.go:205.23,208.3 2 0
github.com/Brightscout/mattermost-plugin-azure-devops/server/plugin/api.go:214.16,218.3 3 1
github.com/Brightscout/mattermost-plugin-azure-devops/server/plugin/api.go:222.45,224.3 1 0
github.com/Brightscout/mattermost-plugin-azure-devops/server/plugin/api.go:228.86,232.16 3 1
github.com/Brightscout/mattermost-plugin-azure-devops/server/plugin/api.go:238.2,238.40 1 1
github.com/Brightscout/mattermost-plugin-azure-devops/server/plugin/api.go:244.2,245.16 2 1
github.com/Brightscout/mattermost-plugin-azure-devops/server/plugin/api.go:251.2,259.45 4 1
github.com/Brightscout/mattermost-plugin-azure-devops/server/plugin/api.go:232.16,236.3 3 1
github.com/Brightscout/mattermost-plugin-azure-devops/server/plugin/api.go:238.40,242.3 3 1
github.com/Brightscout/mattermost-plugin-azure-devops/server/plugin/api.go:245.16,249.3 3 1
github.com/Brightscout/mattermost-plugin-azure-devops/server/plugin/api.go:259.45,261.3 1 0
github.com/Brightscout/mattermost-plugin-azure-devops/server/plugin/api.go:264.84,267.16 3 1
github.com/Brightscout/mattermost-plugin-azure-devops/server/plugin/api.go:273.2,273.85 1 1
github.com/Brightscout/mattermost-plugin-azure-devops/server/plugin/api.go:278.2,279.16 2 1
github.com/Brightscout/mattermost-plugin-azure-devops/server/plugin/api.go:285.2,286.22 2 1
github.com/Brightscout/mattermost-plugin-azure-devops/server/plugin/api.go:292.2,293.16 2 1
github.com/Brightscout/mattermost-plugin-azure-devops/server/plugin/api.go:299.2,299.249 1 1
github.com/Brightscout/mattermost-plugin-azure-devops/server/plugin/api.go:305.2,306.16 2 1
github.com/Brightscout/mattermost-plugin-azure-devops/server/plugin/api.go:312.2,313.23 2 1
github.com/Brightscout/mattermost-plugin-azure-devops/server/plugin/api.go:319.2,328.22 1 1
github.com/Brightscout/mattermost-plugin-azure-devops/server/plugin/api.go:333.2,334.16 2 1
github.com/Brightscout/mattermost-plugin-azure-devops/server/plugin/api.go:339.2,340.44 2 1
github.com/Brightscout/mattermost-plugin-azure-devops/server/plugin/api.go:267.16,271.3 3 1
github.com/Brightscout/mattermost-plugin-azure-devops/server/plugin/api.go:273.85,276.3 2 1
github.com/Brightscout/mattermost-plugin-azure-devops/server/plugin/api.go:279.16,283.3 3 0
github.com/Brightscout/mattermost-plugin-azure-devops/server/plugin/api.go:286.22,290.3 3 0
github.com/Brightscout/mattermost-plugin-azure-devops/server/plugin/api.go:293.16,297.3 3 0
github.com/Brightscout/mattermost-plugin-azure-devops/server/plugin/api.go:299.249,303.3 3 0
github.com/Brightscout/mattermost-plugin-azure-devops/server/plugin/api.go:306.16,310.3 3 0
github.com/Brightscout/mattermost-plugin-azure-devops/server/plugin/api.go:313.23,317.3 3 0
github.com/Brightscout/mattermost-plugin-azure-devops/server/plugin/api.go:328.22,331.3 2 0
github.com/Brightscout/mattermost-plugin-azure-devops/server/plugin/api.go:334.16,337.3 2 1
github.com/Brightscout/mattermost-plugin-azure-devops/server/plugin/api.go:340.44,342.3 1 0
github.com/Brightscout/mattermost-plugin-azure-devops/server/plugin/api.go:345.81,348.16 3 1
github.com/Brightscout/mattermost-plugin-azure-devops/server/plugin/api.go:354.2,355.19 2 1
github.com/Brightscout/mattermost-plugin-azure-devops/server/plugin/api.go:365.2,366.16 2 1
github.com/Brightscout/mattermost-plugin-azure-devops/server/plugin/api.go:372.2,374.45 3 1
github.com/Brightscout/mattermost-plugin-azure-devops/server/plugin/api.go:348.16,352.3 3 1
github.com/Brightscout/mattermost-plugin-azure-devops/server/plugin/api.go:355.19,357.49 2 1
github.com/Brightscout/mattermost-plugin-azure-devops/server/plugin/api.go:362.3,362.43 1 1
github.com/Brightscout/mattermost-plugin-azure-devops/server/plugin/api.go:357.49,358.43 1 0
github.com/Brightscout/mattermost-plugin-azure-devops/server/plugin/api.go:358.43,360.5 1 0
github.com/Brightscout/mattermost-plugin-azure-devops/server/plugin/api.go:366.16,370.3 3 1
github.com/Brightscout/mattermost-plugin-azure-devops/server/plugin/api.go:374.45,376.3 1 0
github.com/Brightscout/mattermost-plugin-azure-devops/server/plugin/api.go:379.90,381.16 2 1
github.com/Brightscout/mattermost-plugin-azure-devops/server/plugin/api.go:387.2,388.21 2 1
github.com/Brightscout/mattermost-plugin-azure-devops/server/plugin/api.go:393.2,402.50 4 1
github.com/Brightscout/mattermost-plugin-azure-devops/server/plugin/api.go:406.2,407.30 2 1
github.com/Brightscout/mattermost-plugin-azure-devops/server/plugin/api.go:381.16,385.3 3 1
github.com/Brightscout/mattermost-plugin-azure-devops/server/plugin/api.go:388.21,391.3 2 1
github.com/Brightscout/mattermost-plugin-azure-devops/server/plugin/api.go:402.50,404.3 1 0
github.com/Brightscout/mattermost-plugin-azure-devops/server/plugin/api.go:410.84,413.16 3 1
github.com/Brightscout/mattermost-plugin-azure-devops/server/plugin/api.go:419.2,419.85 1 1
github.com/Brightscout/mattermost-plugin-azure-devops/server/plugin/api.go:424.2,425.16 2 1
github.com/Brightscout/mattermost-plugin-azure-devops/server/plugin/api.go:431.2,432.28 2 1
github.com/Brightscout/mattermost-plugin-azure-devops/server/plugin/api.go:438.2,439.16 2 1
github.com/Brightscout/mattermost-plugin-azure-devops/server/plugin/api.go:444.2,450.23 1 1
github.com/Brightscout/mattermost-plugin-azure-devops/server/plugin/api.go:455.2,456.37 2 1
github.com/Brightscout/mattermost-plugin-azure-devops/server/plugin/api.go:413.16,417.3 3 1
github.com/Brightscout/mattermost-plugin-azure-devops/server/plugin/api.go:419.85,422.3 2 1
github.com/Brightscout/mattermost-plugin-azure-devops/server/plugin/api.go:425.16,429.3 3 0
github.com/Brightscout/mattermost-plugin-azure-devops/server/plugin/api.go:432.28,436.3 3 0
github.com/Brightscout/mattermost-plugin-azure-devops/server/plugin/api.go:439.16,442.3 2 0
github.com/Brightscout/mattermost-plugin-azure-devops/server/plugin/api.go:450.23,453.3 2 0
github.com/Brightscout/mattermost-plugin-azure-devops/server/plugin/api.go:459.81,463.30 4 1
github.com/Brightscout/mattermost-plugin-azure-devops/server/plugin/api.go:469.2,470.23 2 1
github.com/Brightscout/mattermost-plugin-azure-devops/server/plugin/api.go:476.2,477.21 2 1
github.com/Brightscout/mattermost-plugin-azure-devops/server/plugin/api.go:482.2,483.35 2 1
github.com/Brightscout/mattermost-plugin-azure-devops/server/plugin/api.go:488.2,488.29 1 1
github.com/Brightscout/mattermost-plugin-azure-devops/server/plugin/api.go:493.2,493.68 1 1
github.com/Brightscout/mattermost-plugin-azure-devops/server/plugin/api.go:463.30,467.3 3 1
github.com/Brightscout/mattermost-plugin-azure-devops/server/plugin/api.go:470.23,474.3 3 0
github.com/Brightscout/mattermost-plugin-azure-devops/server/plugin/api.go:477.21,480.3 2 0
github.com/Brightscout/mattermost-plugin-azure-devops/server/plugin/api.go:483.35,484.82 1 1
github.com/Brightscout/mattermost-plugin-azure-devops/server/plugin/api.go:484.82,486.4 1 1
github.com/Brightscout/mattermost-plugin-azure-devops/server/plugin/api.go:488.29,491.3 2 0
github.com/Brightscout/mattermost-plugin-azure-devops/server/plugin/api.go:493.68,496.3 2 0
github.com/Brightscout/mattermost-plugin-azure-devops/server/plugin/api.go:499.72,500.54 1 1
github.com/Brightscout/mattermost-plugin-azure-devops/server/plugin/api.go:500.54,503.43 3 0
github.com/Brightscout/mattermost-plugin-azure-devops/server/plugin/api.go:512.3,512.16 1 0
github.com/Brightscout/mattermost-plugin-azure-devops/server/plugin/api.go:503.43,504.61 1 0
github.com/Brightscout/mattermost-plugin-azure-devops/server/plugin/api.go:510.4,510.10 1 0
github.com/Brightscout/mattermost-plugin-azure-devops/server/plugin/api.go:504.61,506.5 1 0
github.com/Brightscout/mattermost-plugin-azure-devops/server/plugin/api.go:506.10,509.5 2 0
github.com/Brightscout/mattermost-plugin-azure-devops/server/plugin/api.go:517.83,518.54 1 1
github.com/Brightscout/mattermost-plugin-azure-devops/server/plugin/api.go:518.54,520.29 2 0
github.com/Brightscout/mattermost-plugin-azure-devops/server/plugin/api.go:526.3,526.19 1 0
github.com/Brightscout/mattermost-plugin-azure-devops/server/plugin/api.go:520.29,524.4 3 0
github.com/Brightscout/mattermost-plugin-azure-devops/server/plugin/api.go:530.96,535.16 5 1
github.com/Brightscout/mattermost-plugin-azure-devops/server/plugin/api.go:538.2,538.45 1 1
github.com/Brightscout/mattermost-plugin-azure-devops/server/plugin/api.go:535.16,537.3 1 1
github.com/Brightscout/mattermost-plugin-azure-devops/server/plugin/api.go:538.45,540.3 1 0
github.com/Brightscout/mattermost-plugin-azure-devops/server/plugin/api.go:543.63,544.71 1 1
github.com/Brightscout/mattermost-plugin-azure-devops/server/plugin/api.go:544.71,545.16 1 1
github.com/Brightscout/mattermost-plugin-azure-devops/server/plugin/api.go:554.3,554.23 1 1
github.com/Brightscout/mattermost-plugin-azure-devops/server/plugin/api.go:545.16,546.32 1 1
github.com/Brightscout/mattermost-plugin-azure-devops/server/plugin/api.go:546.32,551.5 1 1
github.com/Brightscout/mattermost-plugin-azure-devops/server/plugin/api.go:559.38,561.16 2 1
github.com/Brightscout/mattermost-plugin-azure-devops/server/plugin/api.go:567.2,567.135 1 1
github.com/Brightscout/mattermost-plugin-azure-devops/server/plugin/api.go:561.16,564.3 2 0
github.com/Brightscout/mattermost-plugin-azure-devops/server/plugin/client.go:36.115,40.16 3 0
github.com/Brightscout/mattermost-plugin-azure-devops/server/plugin/client.go:44.2,44.46 1 0
github.com/Brightscout/mattermost-plugin-azure-devops/server/plugin/client.go:40.16,42.3 1 0
github.com/Brightscout/mattermost-plugin-azure-devops/server/plugin/client.go:48.135,61.35 4 0
github.com/Brightscout/mattermost-plugin-azure-devops/server/plugin/client.go:71.2,73.16 3 0
github.com/Brightscout/mattermost-plugin-azure-devops/server/plugin/client.go:77.2,77.30 1 0
github.com/Brightscout/mattermost-plugin-azure-devops/server/plugin/client.go:61.35,69.3 1 0
github.com/Brightscout/mattermost-plugin-azure-devops/server/plugin/client.go:73.16,75.3 1 0
github.com/Brightscout/mattermost-plugin-azure-devops/server/plugin/client.go:81.110,86.16 4 0
github.com/Brightscout/mattermost-plugin-azure-devops/server/plugin/client.go:90.2,90.30 1 0
github.com/Brightscout/mattermost-plugin-azure-devops/server/plugin/client.go:86.16,88.3 1 0
github.com/Brightscout/mattermost-plugin-azure-devops/server/plugin/client.go:94.121,99.16 4 0
github.com/Brightscout/mattermost-plugin-azure-devops/server/plugin/client.go:102.2,102.33 1 0
github.com/Brightscout/mattermost-plugin-azure-devops/server/plugin/client.go:99.16,101.3 1 0
github.com/Brightscout/mattermost-plugin-azure-devops/server/plugin/client.go:106.152,109.2 2 0
github.com/Brightscout/mattermost-plugin-azure-devops/server/plugin/client.go:111.218,138.16 8 0
github.com/Brightscout/mattermost-plugin-azure-devops/server/plugin/client.go:142.2,142.38 1 0
github.com/Brightscout/mattermost-plugin-azure-devops/server/plugin/client.go:138.16,140.3 1 0
github.com/Brightscout/mattermost-plugin-azure-devops/server/plugin/client.go:145.105,148.16 3 0
github.com/Brightscout/mattermost-plugin-azure-devops/server/plugin/client.go:152.2,152.24 1 0
github.com/Brightscout/mattermost-plugin-azure-devops/server/plugin/client.go:148.16,150.3 1 0
github.com/Brightscout/mattermost-plugin-azure-devops/server/plugin/client.go:156.169,159.55 3 0
github.com/Brightscout/mattermost-plugin-azure-devops/server/plugin/client.go:162.2,162.87 1 0
github.com/Brightscout/mattermost-plugin-azure-devops/server/plugin/client.go:159.55,161.3 1 0
github.com/Brightscout/mattermost-plugin-azure-devops/server/plugin/client.go:166.164,169.55 3 0
github.com/Brightscout/mattermost-plugin-azure-devops/server/plugin/client.go:172.2,172.87 1 0
github.com/Brightscout/mattermost-plugin-azure-devops/server/plugin/client.go:169.55,171.3 1 0
github.com/Brightscout/mattermost-plugin-azure-devops/server/plugin/client.go:176.199,179.16 3 0
github.com/Brightscout/mattermost-plugin-azure-devops/server/plugin/client.go:183.2,183.48 1 0
github.com/Brightscout/mattermost-plugin-azure-devops/server/plugin/client.go:195.2,196.23 2 0
github.com/Brightscout/mattermost-plugin-azure-devops/server/plugin/client.go:208.2,208.28 1 0
github.com/Brightscout/mattermost-plugin-azure-devops/server/plugin/client.go:214.2,214.23 1 0
github.com/Brightscout/mattermost-plugin-azure-devops/server/plugin/client.go:218.2,219.16 2 0
github.com/Brightscout/mattermost-plugin-azure-devops/server/plugin/client.go:223.2,223.22 1 0
github.com/Brightscout/mattermost-plugin-azure-devops/server/plugin/client.go:226.2,229.16 3 0
github.com/Brightscout/mattermost-plugin-azure-devops/server/plugin/client.go:233.2,233.25 1 0
github.com/Brightscout/mattermost-plugin-azure-devops/server/plugin/client.go:256.2,257.62 2 0
github.com/Brightscout/mattermost-plugin-azure-devops/server/plugin/client.go:260.2,260.86 1 0
github.com/Brightscout/mattermost-plugin-azure-devops/server/plugin/client.go:179.16,181.3 1 0
github.com/Brightscout/mattermost-plugin-azure-devops/server/plugin/client.go:183.48,186.17 3 0
github.com/Brightscout/mattermost-plugin-azure-devops/server/plugin/client.go:189.3,189.21 1 0
github.com/Brightscout/mattermost-plugin-azure-devops/server/plugin/client.go:192.3,192.33 1 0
github.com/Brightscout/mattermost-plugin-azure-devops/server/plugin/client.go:186.17,188.4 1 0
github.com/Brightscout/mattermost-plugin-azure-devops/server/plugin/client.go:189.21,191.4 1 0
github.com/Brightscout/mattermost-plugin-azure-devops/server/plugin/client.go:196.23,198.17 2 0
github.com/Brightscout/mattermost-plugin-azure-devops/server/plugin/client.go:198.17,200.4 1 0
github.com/Brightscout/mattermost-plugin-azure-devops/server/plugin/client.go:201.8,203.17 2 0
github.com/Brightscout/mattermost-plugin-azure-devops/server/plugin/client.go:203.17,205.4 1 0
github.com/Brightscout/mattermost-plugin-azure-devops/server/plugin/client.go:208.28,209.73 1 0
github.com/Brightscout/mattermost-plugin-azure-devops/server/plugin/client.go:209.73,211.4 1 0
github.com/Brightscout/mattermost-plugin-azure-devops/server/plugin/client.go:214.23,216.3 1 0
github.com/Brightscout/mattermost-plugin-azure-devops/server/plugin/client.go:219.16,221.3 1 0
github.com/Brightscout/mattermost-plugin-azure-devops/server/plugin/client.go:223.22,225.3 1 0
github.com/Brightscout/mattermost-plugin-azure-devops/server/plugin/client.go:229.16,231.3 1 0
github.com/Brightscout/mattermost-plugin-azure-devops/server/plugin/client.go:234.64,235.94 1 0
github.com/Brightscout/mattermost-plugin-azure-devops/server/plugin/client.go:239.3,240.34 2 0
github.com/Brightscout/mattermost-plugin-azure-devops/server/plugin/client.go:241.41,242.17 1 0
github.com/Brightscout/mattermost-plugin-azure-devops/server/plugin/client.go:247.3,247.44 1 0
github.com/Brightscout/mattermost-plugin-azure-devops/server/plugin/client.go:249.28,250.35 1 0
github.com/Brightscout/mattermost-plugin-azure-devops/server/plugin/client.go:252.27,253.43 1 0
github.com/Brightscout/mattermost-plugin-azure-devops/server/plugin/client.go:235.94,237.4 1 0
github.com/Brightscout/mattermost-plugin-azure-devops/server/plugin/client.go:242.17,243.59 1 0
github.com/Brightscout/mattermost-plugin-azure-devops/server/plugin/client.go:243.59,245.5 1 0
github.com/Brightscout/mattermost-plugin-azure-devops/server/plugin/client.go:257.62,259.3 1 0
github.com/Brightscout/mattermost-plugin-azure-devops/server/plugin/client.go:263.35,268.2 1 1
github.com/Brightscout/mattermost-plugin-azure-devops/server/plugin/command.go:36.147,37.33 1 0
github.com/Brightscout/mattermost-plugin-azure-devops/server/plugin/command.go:43.2,43.54 1 0
github.com/Brightscout/mattermost-plugin-azure-devops/server/plugin/command.go:37.33,39.15 2 0
github.com/Brightscout/mattermost-plugin-azure-devops/server/plugin/command.go:39.15,41.4 1 0
github.com/Brightscout/mattermost-plugin-azure-devops/server/plugin/command.go:46.64,68.2 14 0
github.com/Brightscout/mattermost-plugin-azure-devops/server/plugin/command.go:70.55,72.16 2 0
github.com/Brightscout/mattermost-plugin-azure-devops/server/plugin/command.go:76.2,83.8 1 0
github.com/Brightscout/mattermost-plugin-azure-devops/server/plugin/command.go:72.16,74.3 1 0
github.com/Brightscout/mattermost-plugin-azure-devops/server/plugin/command.go:86.160,87.77 1 0
github.com/Brightscout/mattermost-plugin-azure-devops/server/plugin/command.go:91.2,91.38 1 0
github.com/Brightscout/mattermost-plugin-azure-devops/server/plugin/command.go:87.77,89.3 1 0
github.com/Brightscout/mattermost-plugin-azure-devops/server/plugin/command.go:94.149,96.2 1 0
github.com/Brightscout/mattermost-plugin-azure-devops/server/plugin/command.go:98.152,100.76 2 0
github.com/Brightscout/mattermost-plugin-azure-devops/server/plugin/command.go:103.2,103.60 1 0
github.com/Brightscout/mattermost-plugin-azure-devops/server/plugin/command.go:100.76,102.3 1 0
github.com/Brightscout/mattermost-plugin-azure-devops/server/plugin/command.go:106.155,108.77 2 0
github.com/Brightscout/mattermost-plugin-azure-devops/server/plugin/command.go:124.2,124.60 1 0
github.com/Brightscout/mattermost-plugin-azure-devops/server/plugin/command.go:108.77,110.3 1 0
github.com/Brightscout/mattermost-plugin-azure-devops/server/plugin/command.go:110.8,111.75 1 0
github.com/Brightscout/mattermost-plugin-azure-devops/server/plugin/command.go:118.3,122.4 1 0
github.com/Brightscout/mattermost-plugin-azure-devops/server/plugin/command.go:111.75,112.18 1 0
github.com/Brightscout/mattermost-plugin-azure-devops/server/plugin/command.go:115.4,115.43 1 0
github.com/Brightscout/mattermost-plugin-azure-devops/server/plugin/command.go:112.18,114.5 1 0
github.com/Brightscout/mattermost-plugin-azure-devops/server/plugin/command.go:127.141,129.2 1 0
github.com/Brightscout/mattermost-plugin-azure-devops/server/plugin/command.go:132.126,135.83 2 0
github.com/Brightscout/mattermost-plugin-azure-devops/server/plugin/command.go:140.2,140.73 1 0
github.com/Brightscout/mattermost-plugin-azure-devops/server/plugin/command.go:135.83,138.3 2 0
github.com/Brightscout/mattermost-plugin-azure-devops/server/plugin/hooks.go:11.48,15.69 2 0
github.com/Brightscout/mattermost-plugin-azure-devops/server/plugin/hooks.go:19.2,19.61 1 0
github.com/Brightscout/mattermost-plugin-azure-devops/server/plugin/hooks.go:24.2,24.48 1 0
github.com/Brightscout/mattermost-plugin-azure-devops/server/plugin/hooks.go:29.2,32.30 3 0
github.com/Brightscout/mattermost-plugin-azure-devops/server/plugin/hooks.go:35.2,37.12 2 0
github.com/Brightscout/mattermost-plugin-azure-devops/server/plugin/hooks.go:15.69,17.3 1 0
github.com/Brightscout/mattermost-plugin-azure-devops/server/plugin/hooks.go:19.61,22.3 2 0
github.com/Brightscout/mattermost-plugin-azure-devops/server/plugin/hooks.go:24.48,27.3 2 0
github.com/Brightscout/mattermost-plugin-azure-devops/server/plugin/hooks.go:32.30,34.3 1 0
github.com/Brightscout/mattermost-plugin-azure-devops/server/plugin/hooks.go:41.37,42.50 1 0
github.com/Brightscout/mattermost-plugin-azure-devops/server/plugin/hooks.go:46.2,46.40 1 0
github.com/Brightscout/mattermost-plugin-azure-devops/server/plugin/hooks.go:50.2,51.16 2 0
github.com/Brightscout/mattermost-plugin-azure-devops/server/plugin/hooks.go:55.2,55.54 1 0
github.com/Brightscout/mattermost-plugin-azure-devops/server/plugin/hooks.go:59.2,63.12 5 0
github.com/Brightscout/mattermost-plugin-azure-devops/server/plugin/hooks.go:42.50,44.3 1 0
github.com/Brightscout/mattermost-plugin-azure-devops/server/plugin/hooks.go:46.40,48.3 1 0
github.com/Brightscout/mattermost-plugin-azure-devops/server/plugin/hooks.go:51.16,53.3 1 0
github.com/Brightscout/mattermost-plugin-azure-devops/server/plugin/hooks.go:55.54,57.3 1 0
github.com/Brightscout/mattermost-plugin-azure-devops/server/plugin/oAuth.go:26.45,35.2 1 0
github.com/Brightscout/mattermost-plugin-azure-devops/server/plugin/oAuth.go:38.74,42.78 3 0
github.com/Brightscout/mattermost-plugin-azure-devops/server/plugin/oAuth.go:46.2,56.48 4 0
github.com/Brightscout/mattermost-plugin-azure-devops/server/plugin/oAuth.go:61.2,62.31 2 0
github.com/Brightscout/mattermost-plugin-azure-devops/server/plugin/oAuth.go:42.78,44.3 1 0
github.com/Brightscout/mattermost-plugin-azure-devops/server/plugin/oAuth.go:56.48,58.3 1 0
github.com/Brightscout/mattermost-plugin-azure-devops/server/plugin/oAuth.go:58.8,60.3 1 0
github.com/Brightscout/mattermost-plugin-azure-devops/server/plugin/oAuth.go:66.71,69.28 2 0
github.com/Brightscout/mattermost-plugin-azure-devops/server/plugin/oAuth.go:74.2,74.74 1 0
github.com/Brightscout/mattermost-plugin-azure-devops/server/plugin/oAuth.go:82.2,84.52 2 0
github.com/Brightscout/mattermost-plugin-azure-devops/server/plugin/oAuth.go:69.28,72.3 2 0
github.com/Brightscout/mattermost-plugin-azure-devops/server/plugin/oAuth.go:74.74,76.87 2 0
github.com/Brightscout/mattermost-plugin-azure-devops/server/plugin/oAuth.go:79.3,79.9 1 0
github.com/Brightscout/mattermost-plugin-azure-devops/server/plugin/oAuth.go:76.87,78.4 1 0
github.com/Brightscout/mattermost-plugin-azure-devops/server/plugin/oAuth.go:88.72,90.16 2 0
github.com/Brightscout/mattermost-plugin-azure-devops/server/plugin/oAuth.go:95.2,96.17 2 0
github.com/Brightscout/mattermost-plugin-azure-devops/server/plugin/oAuth.go:101.2,101.79 1 0
github.com/Brightscout/mattermost-plugin-azure-devops/server/plugin/oAuth.go:106.2,106.58 1 0
github.com/Brightscout/mattermost-plugin-azure-devops/server/plugin/oAuth.go:111.2,111.41 1 0
github.com/Brightscout/mattermost-plugin-azure-devops/server/plugin/oAuth.go:90.16,93.3 2 0
github.com/Brightscout/mattermost-plugin-azure-devops/server/plugin/oAuth.go:96.17,99.3 2 0
github.com/Brightscout/mattermost-plugin-azure-devops/server/plugin/oAuth.go:101.79,104.3 2 0
github.com/Brightscout/mattermost-plugin-azure-devops/server/plugin/oAuth.go:106.58,109.3 2 0
github.com/Brightscout/mattermost-plugin-azure-devops/server/plugin/oAuth.go:115.63,118.74 2 0
github.com/Brightscout/mattermost-plugin-azure-devops/server/plugin/oAuth.go:125.2,133.66 2 0
github.com/Brightscout/mattermost-plugin-azure-devops/server/plugin/oAuth.go:118.74,119.86 1 0
github.com/Brightscout/mattermost-plugin-azure-devops/server/plugin/oAuth.go:122.3,122.58 1 0
github.com/Brightscout/mattermost-plugin-azure-devops/server/plugin/oAuth.go:119.86,121.4 1 0
github.com/Brightscout/mattermost-plugin-azure-devops/server/plugin/oAuth.go:137.67,139.16 2 0
github.com/Brightscout/mattermost-plugin-azure-devops/server/plugin/oAuth.go:146.2,147.16 2 0
github.com/Brightscout/mattermost-plugin-azure-devops/server/plugin/oAuth.go:154.2,155.16 2 0
github.com/Brightscout/mattermost-plugin-azure-devops/server/plugin/oAuth.go:162.2,170.66 2 0
github.com/Brightscout/mattermost-plugin-azure-devops/server/plugin/oAuth.go:139.16,140.86 1 0
github.com/Brightscout/mattermost-plugin-azure-devops/server/plugin/oAuth.go:143.3,143.39 1 0
github.com/Brightscout/mattermost-plugin-azure-devops/server/plugin/oAuth.go:140.86,142.4 1 0
github.com/Brightscout/mattermost-plugin-azure-devops/server/plugin/oAuth.go:147.16,148.86 1 0
github.com/Brightscout/mattermost-plugin-azure-devops/server/plugin/oAuth.go:151.3,151.39 1 0
github.com/Brightscout/mattermost-plugin-azure-devops/server/plugin/oAuth.go:148.86,150.4 1 0
github.com/Brightscout/mattermost-plugin-azure-devops/server/plugin/oAuth.go:155.16,156.86 1 0
github.com/Brightscout/mattermost-plugin-azure-devops/server/plugin/oAuth.go:159.3,159.39 1 0
github.com/Brightscout/mattermost-plugin-azure-devops/server/plugin/oAuth.go:156.86,158.4 1 0
github.com/Brightscout/mattermost-plugin-azure-devops/server/plugin/oAuth.go:174.98,176.16 2 0
github.com/Brightscout/mattermost-plugin-azure-devops/server/plugin/oAuth.go:183.2,184.16 2 0
github.com/Brightscout/mattermost-plugin-azure-devops/server/plugin/oAuth.go:188.2,189.16 2 0
github.com/Brightscout/mattermost-plugin-azure-devops/server/plugin/oAuth.go:193.2,200.49 2 0
github.com/Brightscout/mattermost-plugin-azure-devops/server/plugin/oAuth.go:204.2,204.120 1 0
github.com/Brightscout/mattermost-plugin-azure-devops/server/plugin/oAuth.go:208.2,214.12 2 0
github.com/Brightscout/mattermost-plugin-azure-devops/server/plugin/oAuth.go:176.16,177.86 1 0
github.com/Brightscout/mattermost-plugin-azure-devops/server/plugin/oAuth.go:180.3,180.60 1 0
github.com/Brightscout/mattermost-plugin-azure-devops/server/plugin/oAuth.go:177.86,179.4 1 0
github.com/Brightscout/mattermost-plugin-azure-devops/server/plugin/oAuth.go:184.16,186.3 1 0
github.com/Brightscout/mattermost-plugin-azure-devops/server/plugin/oAuth.go:189.16,191.3 1 0
github.com/Brightscout/mattermost-plugin-azure-devops/server/plugin/oAuth.go:200.49,202.3 1 0
github.com/Brightscout/mattermost-plugin-azure-devops/server/plugin/oAuth.go:204.120,206.3 1 0
github.com/Brightscout/mattermost-plugin-azure-devops/server/plugin/oAuth.go:218.69,220.16 2 0
github.com/Brightscout/mattermost-plugin-azure-devops/server/plugin/oAuth.go:225.2,225.28 1 0
github.com/Brightscout/mattermost-plugin-azure-devops/server/plugin/oAuth.go:229.2,229.14 1 0
github.com/Brightscout/mattermost-plugin-azure-devops/server/plugin/oAuth.go:220.16,223.3 2 0
github.com/Brightscout/mattermost-plugin-azure-devops/server/plugin/oAuth.go:225.28,227.3 1 0
github.com/Brightscout/mattermost-plugin-azure-devops/server/plugin/oAuth.go:233.76,249.49 3 0
github.com/Brightscout/mattermost-plugin-azure-devops/server/plugin/oAuth.go:249.49,251.3 1 0
github.com/Brightscout/mattermost-plugin-azure-devops/server/plugin/plugin.go:43.59,47.28 3 1
github.com/Brightscout/mattermost-plugin-azure-devops/server/plugin/plugin.go:51.2,51.24 1 0
github.com/Brightscout/mattermost-plugin-azure-devops/server/plugin/plugin.go:47.28,49.3 1 1
github.com/Brightscout/mattermost-plugin-azure-devops/server/plugin/plugin.go:63.72,67.62 3 0
github.com/Brightscout/mattermost-plugin-azure-devops/server/plugin/plugin.go:78.2,78.33 1 0
github.com/Brightscout/mattermost-plugin-azure-devops/server/plugin/plugin.go:67.62,71.54 1 0
github.com/Brightscout/mattermost-plugin-azure-devops/server/plugin/plugin.go:75.3,75.67 1 0
github.com/Brightscout/mattermost-plugin-azure-devops/server/plugin/plugin.go:71.54,73.4 1 0
github.com/Brightscout/mattermost-plugin-azure-devops/server/plugin/plugin.go:82.38,88.16 2 0
github.com/Brightscout/mattermost-plugin-azure-devops/server/plugin/plugin.go:92.2,93.12 2 0
github.com/Brightscout/mattermost-plugin-azure-devops/server/plugin/plugin.go:88.16,90.3 1 0
github.com/Brightscout/mattermost-plugin-azure-devops/server/plugin/plugin.go:97.87,99.2 1 0
github.com/Brightscout/mattermost-plugin-azure-devops/server/plugin/plugin.go:101.97,103.65 1 0
github.com/Brightscout/mattermost-plugin-azure-devops/server/plugin/plugin.go:107.2,107.16 1 0
github.com/Brightscout/mattermost-plugin-azure-devops/server/plugin/plugin.go:103.65,106.3 2 0
github.com/Brightscout/mattermost-plugin-azure-devops/server/plugin/plugin.go:111.51,114.20 3 0
github.com/Brightscout/mattermost-plugin-azure-devops/server/plugin/plugin.go:117.2,117.169 1 0
github.com/Brightscout/mattermost-plugin-azure-devops/server/plugin/plugin.go:120.2,120.19 1 0
github.com/Brightscout/mattermost-plugin-azure-devops/server/plugin/plugin.go:114.20,116.3 1 0
github.com/Brightscout/mattermost-plugin-azure-devops/server/plugin/plugin.go:117.169,119.3 1 0
github.com/Brightscout/mattermost-plugin-azure-devops/server/plugin/taskLinkPreview.go:12.101,14.16 2 0
github.com/Brightscout/mattermost-plugin-azure-devops/server/plugin/taskLinkPreview.go:18.2,19.22 2 0
github.com/Brightscout/mattermost-plugin-azure-devops/server/plugin/taskLinkPreview.go:23.2,24.23 2 0
github.com/Brightscout/mattermost-plugin-azure-devops/server/plugin/taskLinkPreview.go:28.2,39.17 6 0
github.com/Brightscout/mattermost-plugin-azure-devops/server/plugin/taskLinkPreview.go:14.16,16.3 1 0
github.com/Brightscout/mattermost-plugin-azure-devops/server/plugin/taskLinkPreview.go:19.22,21.3 1 0
github.com/Brightscout/mattermost-plugin-azure-devops/server/plugin/taskLinkPreview.go:24.23,26.3 1 0
