mode: set
github.com/mattermost/mattermost-plugin-azure-devops/server/config/config.go:31.48,34.2 2 1
github.com/mattermost/mattermost-plugin-azure-devops/server/config/config.go:37.54,44.2 5 1
github.com/mattermost/mattermost-plugin-azure-devops/server/config/config.go:47.41,48.35 1 1
github.com/mattermost/mattermost-plugin-azure-devops/server/config/config.go:51.2,51.35 1 1
github.com/mattermost/mattermost-plugin-azure-devops/server/config/config.go:54.2,54.42 1 1
github.com/mattermost/mattermost-plugin-azure-devops/server/config/config.go:57.2,57.30 1 1
github.com/mattermost/mattermost-plugin-azure-devops/server/config/config.go:61.2,61.12 1 1
github.com/mattermost/mattermost-plugin-azure-devops/server/config/config.go:48.35,50.3 1 1
github.com/mattermost/mattermost-plugin-azure-devops/server/config/config.go:51.35,53.3 1 1
github.com/mattermost/mattermost-plugin-azure-devops/server/config/config.go:54.42,56.3 1 1
github.com/mattermost/mattermost-plugin-azure-devops/server/config/config.go:57.30,59.3 1 1
github.com/mattermost/mattermost-plugin-azure-devops/server/store/oAuth.go:14.71,17.2 2 1
github.com/mattermost/mattermost-plugin-azure-devops/server/store/oAuth.go:19.72,22.16 3 1
github.com/mattermost/mattermost-plugin-azure-devops/server/store/oAuth.go:29.2,29.34 1 1
github.com/mattermost/mattermost-plugin-azure-devops/server/store/oAuth.go:32.2,32.12 1 1
github.com/mattermost/mattermost-plugin-azure-devops/server/store/oAuth.go:22.16,23.25 1 1
github.com/mattermost/mattermost-plugin-azure-devops/server/store/oAuth.go:26.3,26.13 1 1
github.com/mattermost/mattermost-plugin-azure-devops/server/store/oAuth.go:23.25,25.4 1 1
github.com/mattermost/mattermost-plugin-azure-devops/server/store/oAuth.go:29.34,31.3 1 0
github.com/mattermost/mattermost-plugin-azure-devops/server/store/store.go:23.39,27.2 1 0
github.com/mattermost/mattermost-plugin-azure-devops/server/store/store.go:29.50,31.19 2 0
github.com/mattermost/mattermost-plugin-azure-devops/server/store/store.go:34.2,34.17 1 0
github.com/mattermost/mattermost-plugin-azure-devops/server/store/store.go:37.2,37.18 1 0
github.com/mattermost/mattermost-plugin-azure-devops/server/store/store.go:31.19,33.3 1 0
github.com/mattermost/mattermost-plugin-azure-devops/server/store/store.go:34.17,36.3 1 0
github.com/mattermost/mattermost-plugin-azure-devops/server/store/store.go:40.54,41.53 1 0
github.com/mattermost/mattermost-plugin-azure-devops/server/store/store.go:44.2,44.12 1 0
github.com/mattermost/mattermost-plugin-azure-devops/server/store/store.go:41.53,43.3 1 0
github.com/mattermost/mattermost-plugin-azure-devops/server/store/store.go:47.75,49.19 2 0
github.com/mattermost/mattermost-plugin-azure-devops/server/store/store.go:52.2,52.12 1 0
github.com/mattermost/mattermost-plugin-azure-devops/server/store/store.go:49.19,51.3 1 0
github.com/mattermost/mattermost-plugin-azure-devops/server/store/store.go:55.105,57.19 2 0
github.com/mattermost/mattermost-plugin-azure-devops/server/store/store.go:60.2,60.21 1 0
github.com/mattermost/mattermost-plugin-azure-devops/server/store/store.go:57.19,59.3 1 0
github.com/mattermost/mattermost-plugin-azure-devops/server/store/store.go:63.42,65.19 2 0
github.com/mattermost/mattermost-plugin-azure-devops/server/store/store.go:68.2,68.12 1 0
github.com/mattermost/mattermost-plugin-azure-devops/server/store/store.go:65.19,67.3 1 0
github.com/mattermost/mattermost-plugin-azure-devops/server/store/store.go:71.65,73.6 2 0
github.com/mattermost/mattermost-plugin-azure-devops/server/store/store.go:73.6,75.17 2 0
github.com/mattermost/mattermost-plugin-azure-devops/server/store/store.go:78.3,78.23 1 0
github.com/mattermost/mattermost-plugin-azure-devops/server/store/store.go:85.3,86.30 2 0
github.com/mattermost/mattermost-plugin-azure-devops/server/store/store.go:100.3,100.21 1 0
github.com/mattermost/mattermost-plugin-azure-devops/server/store/store.go:75.17,77.4 1 0
github.com/mattermost/mattermost-plugin-azure-devops/server/store/store.go:78.23,80.4 1 0
github.com/mattermost/mattermost-plugin-azure-devops/server/store/store.go:86.30,87.69 1 0
github.com/mattermost/mattermost-plugin-azure-devops/server/store/store.go:87.69,89.41 2 0
github.com/mattermost/mattermost-plugin-azure-devops/server/store/store.go:92.5,96.6 1 0
github.com/mattermost/mattermost-plugin-azure-devops/server/store/store.go:89.41,91.6 1 0
github.com/mattermost/mattermost-plugin-azure-devops/server/store/store.go:100.21,102.4 1 0
github.com/mattermost/mattermost-plugin-azure-devops/server/store/subscriptions.go:25.46,29.2 1 1
github.com/mattermost/mattermost-plugin-azure-devops/server/store/subscriptions.go:31.120,33.16 2 1
github.com/mattermost/mattermost-plugin-azure-devops/server/store/subscriptions.go:37.2,39.23 3 1
github.com/mattermost/mattermost-plugin-azure-devops/server/store/subscriptions.go:42.2,42.27 1 1
github.com/mattermost/mattermost-plugin-azure-devops/server/store/subscriptions.go:33.16,35.3 1 1
github.com/mattermost/mattermost-plugin-azure-devops/server/store/subscriptions.go:39.23,41.3 1 1
github.com/mattermost/mattermost-plugin-azure-devops/server/store/subscriptions.go:45.88,47.74 2 1
github.com/mattermost/mattermost-plugin-azure-devops/server/store/subscriptions.go:53.2,53.12 1 1
github.com/mattermost/mattermost-plugin-azure-devops/server/store/subscriptions.go:47.74,49.3 1 0
github.com/mattermost/mattermost-plugin-azure-devops/server/store/subscriptions.go:49.17,51.3 1 1
github.com/mattermost/mattermost-plugin-azure-devops/server/store/subscriptions.go:56.121,57.69 1 1
github.com/mattermost/mattermost-plugin-azure-devops/server/store/subscriptions.go:61.2,89.86 3 1
github.com/mattermost/mattermost-plugin-azure-devops/server/store/subscriptions.go:57.69,59.3 1 1
github.com/mattermost/mattermost-plugin-azure-devops/server/store/subscriptions.go:92.66,95.19 3 1
github.com/mattermost/mattermost-plugin-azure-devops/server/store/subscriptions.go:99.2,100.16 2 1
github.com/mattermost/mattermost-plugin-azure-devops/server/store/subscriptions.go:104.2,104.27 1 1
github.com/mattermost/mattermost-plugin-azure-devops/server/store/subscriptions.go:95.19,97.3 1 1
github.com/mattermost/mattermost-plugin-azure-devops/server/store/subscriptions.go:100.16,102.3 1 1
github.com/mattermost/mattermost-plugin-azure-devops/server/store/subscriptions.go:107.96,109.16 2 1
github.com/mattermost/mattermost-plugin-azure-devops/server/store/subscriptions.go:113.2,114.18 2 1
github.com/mattermost/mattermost-plugin-azure-devops/server/store/subscriptions.go:128.2,128.30 1 1
github.com/mattermost/mattermost-plugin-azure-devops/server/store/subscriptions.go:109.16,111.3 1 1
github.com/mattermost/mattermost-plugin-azure-devops/server/store/subscriptions.go:114.18,115.58 1 0
github.com/mattermost/mattermost-plugin-azure-devops/server/store/subscriptions.go:115.58,116.76 1 0
github.com/mattermost/mattermost-plugin-azure-devops/server/store/subscriptions.go:116.76,119.5 2 0
github.com/mattermost/mattermost-plugin-azure-devops/server/store/subscriptions.go:121.8,122.73 1 1
github.com/mattermost/mattermost-plugin-azure-devops/server/store/subscriptions.go:122.73,125.4 2 0
github.com/mattermost/mattermost-plugin-azure-devops/server/store/subscriptions.go:131.121,133.16 2 1
github.com/mattermost/mattermost-plugin-azure-devops/server/store/subscriptions.go:136.2,139.23 4 1
github.com/mattermost/mattermost-plugin-azure-devops/server/store/subscriptions.go:142.2,142.27 1 1
github.com/mattermost/mattermost-plugin-azure-devops/server/store/subscriptions.go:133.16,135.3 1 1
github.com/mattermost/mattermost-plugin-azure-devops/server/store/subscriptions.go:139.23,141.3 1 1
github.com/mattermost/mattermost-plugin-azure-devops/server/store/subscriptions.go:145.89,147.74 2 1
github.com/mattermost/mattermost-plugin-azure-devops/server/store/subscriptions.go:153.2,153.12 1 1
github.com/mattermost/mattermost-plugin-azure-devops/server/store/subscriptions.go:147.74,149.3 1 0
github.com/mattermost/mattermost-plugin-azure-devops/server/store/subscriptions.go:149.17,151.3 1 1
github.com/mattermost/mattermost-plugin-azure-devops/server/store/subscriptions.go:156.99,157.63 1 1
github.com/mattermost/mattermost-plugin-azure-devops/server/store/subscriptions.go:157.63,158.29 1 1
github.com/mattermost/mattermost-plugin-azure-devops/server/store/subscriptions.go:158.29,160.4 1 0
github.com/mattermost/mattermost-plugin-azure-devops/server/store/subscriptions.go:164.72,166.21 2 1
github.com/mattermost/mattermost-plugin-azure-devops/server/store/subscriptions.go:174.2,174.30 1 1
github.com/mattermost/mattermost-plugin-azure-devops/server/store/subscriptions.go:166.21,168.26 2 1
github.com/mattermost/mattermost-plugin-azure-devops/server/store/subscriptions.go:168.26,170.4 1 1
github.com/mattermost/mattermost-plugin-azure-devops/server/store/subscriptions.go:171.8,173.3 1 1
github.com/mattermost/mattermost-plugin-azure-devops/server/store/user.go:11.57,12.78 1 1
github.com/mattermost/mattermost-plugin-azure-devops/server/store/user.go:16.2,16.12 1 1
github.com/mattermost/mattermost-plugin-azure-devops/server/store/user.go:12.78,14.3 1 1
github.com/mattermost/mattermost-plugin-azure-devops/server/store/user.go:19.78,21.73 2 1
github.com/mattermost/mattermost-plugin-azure-devops/server/store/user.go:24.2,24.19 1 1
github.com/mattermost/mattermost-plugin-azure-devops/server/store/user.go:21.73,23.3 1 1
github.com/mattermost/mattermost-plugin-azure-devops/server/store/user.go:27.67,28.64 1 1
github.com/mattermost/mattermost-plugin-azure-devops/server/store/user.go:32.2,32.18 1 1
github.com/mattermost/mattermost-plugin-azure-devops/server/store/user.go:28.64,30.3 1 1
github.com/mattermost/mattermost-plugin-azure-devops/server/store/utils.go:22.69,24.13 2 1
github.com/mattermost/mattermost-plugin-azure-devops/server/store/utils.go:33.2,33.46 1 1
github.com/mattermost/mattermost-plugin-azure-devops/server/store/utils.go:38.2,39.16 2 0
github.com/mattermost/mattermost-plugin-azure-devops/server/store/utils.go:42.2,42.19 1 0
github.com/mattermost/mattermost-plugin-azure-devops/server/store/utils.go:25.11,26.20 1 1
github.com/mattermost/mattermost-plugin-azure-devops/server/store/utils.go:27.19,28.8 1 1
github.com/mattermost/mattermost-plugin-azure-devops/server/store/utils.go:29.10,30.18 1 1
github.com/mattermost/mattermost-plugin-azure-devops/server/store/utils.go:33.46,35.3 1 1
github.com/mattermost/mattermost-plugin-azure-devops/server/store/utils.go:39.16,41.3 1 0
github.com/mattermost/mattermost-plugin-azure-devops/server/store/utils.go:47.71,49.16 2 1
github.com/mattermost/mattermost-plugin-azure-devops/server/store/utils.go:53.2,53.17 1 1
github.com/mattermost/mattermost-plugin-azure-devops/server/store/utils.go:57.2,57.32 1 1
github.com/mattermost/mattermost-plugin-azure-devops/server/store/utils.go:49.16,51.3 1 1
github.com/mattermost/mattermost-plugin-azure-devops/server/store/utils.go:53.17,55.3 1 1
github.com/mattermost/mattermost-plugin-azure-devops/server/store/utils.go:61.72,63.16 2 1
github.com/mattermost/mattermost-plugin-azure-devops/server/store/utils.go:66.2,66.27 1 1
github.com/mattermost/mattermost-plugin-azure-devops/server/store/utils.go:63.16,65.3 1 1
github.com/mattermost/mattermost-plugin-azure-devops/server/store/utils.go:73.136,75.6 2 0
github.com/mattermost/mattermost-plugin-azure-devops/server/store/utils.go:75.6,77.45 2 0
github.com/mattermost/mattermost-plugin-azure-devops/server/store/utils.go:81.3,82.17 2 0
github.com/mattermost/mattermost-plugin-azure-devops/server/store/utils.go:87.3,87.42 1 0
github.com/mattermost/mattermost-plugin-azure-devops/server/store/utils.go:91.3,91.18 1 0
github.com/mattermost/mattermost-plugin-azure-devops/server/store/utils.go:94.3,97.22 4 0
github.com/mattermost/mattermost-plugin-azure-devops/server/store/utils.go:100.3,100.14 1 0
github.com/mattermost/mattermost-plugin-azure-devops/server/store/utils.go:104.3,105.51 2 0
github.com/mattermost/mattermost-plugin-azure-devops/server/store/utils.go:109.3,109.40 1 0
github.com/mattermost/mattermost-plugin-azure-devops/server/store/utils.go:77.45,79.4 1 0
github.com/mattermost/mattermost-plugin-azure-devops/server/store/utils.go:82.17,84.4 1 0
github.com/mattermost/mattermost-plugin-azure-devops/server/store/utils.go:87.42,89.4 1 0
github.com/mattermost/mattermost-plugin-azure-devops/server/store/utils.go:91.18,93.4 1 0
github.com/mattermost/mattermost-plugin-azure-devops/server/store/utils.go:97.22,99.4 1 0
github.com/mattermost/mattermost-plugin-azure-devops/server/store/utils.go:100.14,102.4 1 0
github.com/mattermost/mattermost-plugin-azure-devops/server/store/utils.go:105.51,107.4 1 0
github.com/mattermost/mattermost-plugin-azure-devops/server/store/utils.go:116.98,117.109 1 0
github.com/mattermost/mattermost-plugin-azure-devops/server/store/utils.go:117.109,120.3 2 0
github.com/mattermost/mattermost-plugin-azure-devops/server/store/utils.go:123.36,125.2 1 1
github.com/mattermost/mattermost-plugin-azure-devops/server/store/utils.go:127.63,129.2 1 1
github.com/mattermost/mattermost-plugin-azure-devops/server/store/utils.go:131.50,133.2 1 1
github.com/mattermost/mattermost-plugin-azure-devops/server/store/utils.go:135.41,137.2 1 1
github.com/mattermost/mattermost-plugin-azure-devops/server/store/utils.go:139.219,141.2 1 1
github.com/mattermost/mattermost-plugin-azure-devops/server/store/utils.go:144.39,148.2 2 1
github.com/mattermost/mattermost-plugin-azure-devops/server/store/utils.go:150.48,152.55 2 0
github.com/mattermost/mattermost-plugin-azure-devops/server/store/utils.go:155.2,155.18 1 0
github.com/mattermost/mattermost-plugin-azure-devops/server/store/utils.go:152.55,154.3 1 0
github.com/mattermost/mattermost-plugin-azure-devops/server/store/link.go:25.36,29.2 1 1
github.com/mattermost/mattermost-plugin-azure-devops/server/store/link.go:31.105,33.16 2 1
github.com/mattermost/mattermost-plugin-azure-devops/server/store/link.go:36.2,38.23 3 1
github.com/mattermost/mattermost-plugin-azure-devops/server/store/link.go:41.2,41.27 1 1
github.com/mattermost/mattermost-plugin-azure-devops/server/store/link.go:33.16,35.3 1 1
github.com/mattermost/mattermost-plugin-azure-devops/server/store/link.go:38.23,40.3 1 1
github.com/mattermost/mattermost-plugin-azure-devops/server/store/link.go:44.73,46.74 2 1
github.com/mattermost/mattermost-plugin-azure-devops/server/store/link.go:52.2,52.12 1 1
github.com/mattermost/mattermost-plugin-azure-devops/server/store/link.go:46.74,48.3 1 0
github.com/mattermost/mattermost-plugin-azure-devops/server/store/link.go:48.17,50.3 1 1
github.com/mattermost/mattermost-plugin-azure-devops/server/store/link.go:55.96,56.64 1 1
github.com/mattermost/mattermost-plugin-azure-devops/server/store/link.go:59.2,67.71 3 1
github.com/mattermost/mattermost-plugin-azure-devops/server/store/link.go:56.64,58.3 1 1
github.com/mattermost/mattermost-plugin-azure-devops/server/store/link.go:70.52,73.19 3 1
github.com/mattermost/mattermost-plugin-azure-devops/server/store/link.go:76.2,77.16 2 1
github.com/mattermost/mattermost-plugin-azure-devops/server/store/link.go:80.2,80.22 1 1
github.com/mattermost/mattermost-plugin-azure-devops/server/store/link.go:73.19,75.3 1 1
github.com/mattermost/mattermost-plugin-azure-devops/server/store/link.go:77.16,79.3 1 1
github.com/mattermost/mattermost-plugin-azure-devops/server/store/link.go:83.85,85.16 2 1
github.com/mattermost/mattermost-plugin-azure-devops/server/store/link.go:88.2,89.62 2 1
github.com/mattermost/mattermost-plugin-azure-devops/server/store/link.go:92.2,92.25 1 1
github.com/mattermost/mattermost-plugin-azure-devops/server/store/link.go:85.16,87.3 1 1
github.com/mattermost/mattermost-plugin-azure-devops/server/store/link.go:89.62,91.3 1 0
github.com/mattermost/mattermost-plugin-azure-devops/server/store/link.go:95.106,97.16 2 1
github.com/mattermost/mattermost-plugin-azure-devops/server/store/link.go:100.2,103.23 4 1
github.com/mattermost/mattermost-plugin-azure-devops/server/store/link.go:106.2,106.27 1 1
github.com/mattermost/mattermost-plugin-azure-devops/server/store/link.go:97.16,99.3 1 1
github.com/mattermost/mattermost-plugin-azure-devops/server/store/link.go:103.23,105.3 1 1
github.com/mattermost/mattermost-plugin-azure-devops/server/store/link.go:109.74,111.74 2 1
github.com/mattermost/mattermost-plugin-azure-devops/server/store/link.go:117.2,117.12 1 1
github.com/mattermost/mattermost-plugin-azure-devops/server/store/link.go:111.74,113.3 1 0
github.com/mattermost/mattermost-plugin-azure-devops/server/store/link.go:113.17,115.3 1 1
github.com/mattermost/mattermost-plugin-azure-devops/server/store/link.go:120.79,121.58 1 1
github.com/mattermost/mattermost-plugin-azure-devops/server/store/link.go:121.58,122.24 1 1
github.com/mattermost/mattermost-plugin-azure-devops/server/store/link.go:122.24,124.4 1 0
github.com/mattermost/mattermost-plugin-azure-devops/server/store/link.go:128.62,130.21 2 1
github.com/mattermost/mattermost-plugin-azure-devops/server/store/link.go:138.2,138.25 1 1
github.com/mattermost/mattermost-plugin-azure-devops/server/store/link.go:130.21,132.26 2 1
github.com/mattermost/mattermost-plugin-azure-devops/server/store/link.go:132.26,134.4 1 1
github.com/mattermost/mattermost-plugin-azure-devops/server/store/link.go:135.8,137.3 1 1
github.com/mattermost/mattermost-plugin-azure-devops/server/plugin/command.go:42.147,43.39 1 1
github.com/mattermost/mattermost-plugin-azure-devops/server/plugin/command.go:49.2,49.54 1 1
github.com/mattermost/mattermost-plugin-azure-devops/server/plugin/command.go:43.39,45.21 2 1
github.com/mattermost/mattermost-plugin-azure-devops/server/plugin/command.go:45.21,47.4 1 1
github.com/mattermost/mattermost-plugin-azure-devops/server/plugin/command.go:52.64,101.2 39 1
github.com/mattermost/mattermost-plugin-azure-devops/server/plugin/command.go:103.55,105.16 2 1
github.com/mattermost/mattermost-plugin-azure-devops/server/plugin/command.go:109.2,116.8 1 0
github.com/mattermost/mattermost-plugin-azure-devops/server/plugin/command.go:105.16,107.3 1 1
github.com/mattermost/mattermost-plugin-azure-devops/server/plugin/command.go:119.160,120.77 1 0
github.com/mattermost/mattermost-plugin-azure-devops/server/plugin/command.go:123.2,123.38 1 0
github.com/mattermost/mattermost-plugin-azure-devops/server/plugin/command.go:120.77,122.3 1 0
github.com/mattermost/mattermost-plugin-azure-devops/server/plugin/command.go:126.151,128.77 1 1
github.com/mattermost/mattermost-plugin-azure-devops/server/plugin/command.go:133.2,133.9 1 1
github.com/mattermost/mattermost-plugin-azure-devops/server/plugin/command.go:151.2,151.51 1 1
github.com/mattermost/mattermost-plugin-azure-devops/server/plugin/command.go:128.77,130.3 1 1
github.com/mattermost/mattermost-plugin-azure-devops/server/plugin/command.go:134.60,135.39 1 1
github.com/mattermost/mattermost-plugin-azure-devops/server/plugin/command.go:137.66,138.18 1 1
github.com/mattermost/mattermost-plugin-azure-devops/server/plugin/command.go:139.30,141.112 1 1
github.com/mattermost/mattermost-plugin-azure-devops/server/plugin/command.go:144.32,145.88 1 1
github.com/mattermost/mattermost-plugin-azure-devops/server/plugin/command.go:146.29,147.40 1 1
github.com/mattermost/mattermost-plugin-azure-devops/server/plugin/command.go:141.112,143.5 1 1
github.com/mattermost/mattermost-plugin-azure-devops/server/plugin/command.go:154.150,156.77 1 1
github.com/mattermost/mattermost-plugin-azure-devops/server/plugin/command.go:162.2,162.64 1 1
github.com/mattermost/mattermost-plugin-azure-devops/server/plugin/command.go:176.2,176.51 1 1
github.com/mattermost/mattermost-plugin-azure-devops/server/plugin/command.go:156.77,158.3 1 1
github.com/mattermost/mattermost-plugin-azure-devops/server/plugin/command.go:162.64,163.18 1 1
github.com/mattermost/mattermost-plugin-azure-devops/server/plugin/command.go:164.30,166.112 1 1
github.com/mattermost/mattermost-plugin-azure-devops/server/plugin/command.go:169.32,170.87 1 1
github.com/mattermost/mattermost-plugin-azure-devops/server/plugin/command.go:171.29,172.40 1 1
github.com/mattermost/mattermost-plugin-azure-devops/server/plugin/command.go:166.112,168.5 1 1
github.com/mattermost/mattermost-plugin-azure-devops/server/plugin/command.go:179.154,181.77 1 1
github.com/mattermost/mattermost-plugin-azure-devops/server/plugin/command.go:187.2,187.64 1 1
github.com/mattermost/mattermost-plugin-azure-devops/server/plugin/command.go:201.2,201.51 1 1
github.com/mattermost/mattermost-plugin-azure-devops/server/plugin/command.go:181.77,183.3 1 1
github.com/mattermost/mattermost-plugin-azure-devops/server/plugin/command.go:187.64,188.18 1 1
github.com/mattermost/mattermost-plugin-azure-devops/server/plugin/command.go:189.30,191.112 1 1
github.com/mattermost/mattermost-plugin-azure-devops/server/plugin/command.go:194.32,195.91 1 1
github.com/mattermost/mattermost-plugin-azure-devops/server/plugin/command.go:196.29,197.40 1 1
github.com/mattermost/mattermost-plugin-azure-devops/server/plugin/command.go:191.112,193.5 1 1
github.com/mattermost/mattermost-plugin-azure-devops/server/plugin/command.go:204.167,205.19 1 1
github.com/mattermost/mattermost-plugin-azure-devops/server/plugin/command.go:209.2,210.16 2 1
github.com/mattermost/mattermost-plugin-azure-devops/server/plugin/command.go:215.2,216.48 2 1
github.com/mattermost/mattermost-plugin-azure-devops/server/plugin/command.go:245.2,245.180 1 0
github.com/mattermost/mattermost-plugin-azure-devops/server/plugin/command.go:205.19,207.3 1 0
github.com/mattermost/mattermost-plugin-azure-devops/server/plugin/command.go:210.16,213.3 2 0
github.com/mattermost/mattermost-plugin-azure-devops/server/plugin/command.go:216.48,217.102 1 1
github.com/mattermost/mattermost-plugin-azure-devops/server/plugin/command.go:217.102,218.203 1 1
github.com/mattermost/mattermost-plugin-azure-devops/server/plugin/command.go:222.4,222.146 1 1
github.com/mattermost/mattermost-plugin-azure-devops/server/plugin/command.go:230.4,230.79 1 1
github.com/mattermost/mattermost-plugin-azure-devops/server/plugin/command.go:235.4,241.191 2 1
github.com/mattermost/mattermost-plugin-azure-devops/server/plugin/command.go:218.203,220.5 1 0
github.com/mattermost/mattermost-plugin-azure-devops/server/plugin/command.go:222.146,223.43 1 0
github.com/mattermost/mattermost-plugin-azure-devops/server/plugin/command.go:226.5,227.85 2 0
github.com/mattermost/mattermost-plugin-azure-devops/server/plugin/command.go:223.43,225.6 1 0
github.com/mattermost/mattermost-plugin-azure-devops/server/plugin/command.go:230.79,233.5 2 1
github.com/mattermost/mattermost-plugin-azure-devops/server/plugin/command.go:248.178,250.62 1 1
github.com/mattermost/mattermost-plugin-azure-devops/server/plugin/command.go:254.2,255.16 2 1
github.com/mattermost/mattermost-plugin-azure-devops/server/plugin/command.go:260.2,261.62 2 1
github.com/mattermost/mattermost-plugin-azure-devops/server/plugin/command.go:264.2,264.184 1 1
github.com/mattermost/mattermost-plugin-azure-devops/server/plugin/command.go:250.62,252.3 1 0
github.com/mattermost/mattermost-plugin-azure-devops/server/plugin/command.go:255.16,258.3 2 1
github.com/mattermost/mattermost-plugin-azure-devops/server/plugin/command.go:261.62,263.3 1 0
github.com/mattermost/mattermost-plugin-azure-devops/server/plugin/command.go:267.149,269.2 1 1
github.com/mattermost/mattermost-plugin-azure-devops/server/plugin/command.go:271.152,273.76 2 1
github.com/mattermost/mattermost-plugin-azure-devops/server/plugin/command.go:276.2,276.60 1 1
github.com/mattermost/mattermost-plugin-azure-devops/server/plugin/command.go:273.76,275.3 1 1
github.com/mattermost/mattermost-plugin-azure-devops/server/plugin/command.go:279.155,281.77 2 1
github.com/mattermost/mattermost-plugin-azure-devops/server/plugin/command.go:297.2,297.60 1 1
github.com/mattermost/mattermost-plugin-azure-devops/server/plugin/command.go:281.77,283.3 1 1
github.com/mattermost/mattermost-plugin-azure-devops/server/plugin/command.go:283.8,284.75 1 1
github.com/mattermost/mattermost-plugin-azure-devops/server/plugin/command.go:291.3,295.4 1 1
github.com/mattermost/mattermost-plugin-azure-devops/server/plugin/command.go:284.75,285.18 1 0
github.com/mattermost/mattermost-plugin-azure-devops/server/plugin/command.go:288.4,288.43 1 0
github.com/mattermost/mattermost-plugin-azure-devops/server/plugin/command.go:285.18,287.5 1 0
github.com/mattermost/mattermost-plugin-azure-devops/server/plugin/command.go:300.141,302.2 1 1
github.com/mattermost/mattermost-plugin-azure-devops/server/plugin/command.go:305.126,308.83 2 1
github.com/mattermost/mattermost-plugin-azure-devops/server/plugin/command.go:313.2,313.73 1 1
github.com/mattermost/mattermost-plugin-azure-devops/server/plugin/command.go:308.83,311.3 2 0
github.com/mattermost/mattermost-plugin-azure-devops/server/plugin/hooks.go:11.48,15.69 2 0
github.com/mattermost/mattermost-plugin-azure-devops/server/plugin/hooks.go:19.2,19.61 1 0
github.com/mattermost/mattermost-plugin-azure-devops/server/plugin/hooks.go:24.2,24.48 1 0
github.com/mattermost/mattermost-plugin-azure-devops/server/plugin/hooks.go:29.2,31.30 3 0
github.com/mattermost/mattermost-plugin-azure-devops/server/plugin/hooks.go:34.2,37.95 3 0
github.com/mattermost/mattermost-plugin-azure-devops/server/plugin/hooks.go:44.2,44.12 1 0
github.com/mattermost/mattermost-plugin-azure-devops/server/plugin/hooks.go:15.69,17.3 1 0
github.com/mattermost/mattermost-plugin-azure-devops/server/plugin/hooks.go:19.61,22.3 2 0
github.com/mattermost/mattermost-plugin-azure-devops/server/plugin/hooks.go:24.48,27.3 2 0
github.com/mattermost/mattermost-plugin-azure-devops/server/plugin/hooks.go:31.30,33.3 1 0
github.com/mattermost/mattermost-plugin-azure-devops/server/plugin/hooks.go:37.95,38.75 1 0
github.com/mattermost/mattermost-plugin-azure-devops/server/plugin/hooks.go:38.75,41.4 2 0
github.com/mattermost/mattermost-plugin-azure-devops/server/plugin/hooks.go:48.37,49.50 1 0
github.com/mattermost/mattermost-plugin-azure-devops/server/plugin/hooks.go:53.2,53.40 1 0
github.com/mattermost/mattermost-plugin-azure-devops/server/plugin/hooks.go:57.2,58.16 2 0
github.com/mattermost/mattermost-plugin-azure-devops/server/plugin/hooks.go:62.2,62.54 1 0
github.com/mattermost/mattermost-plugin-azure-devops/server/plugin/hooks.go:66.2,70.12 5 0
github.com/mattermost/mattermost-plugin-azure-devops/server/plugin/hooks.go:49.50,51.3 1 0
github.com/mattermost/mattermost-plugin-azure-devops/server/plugin/hooks.go:53.40,55.3 1 0
github.com/mattermost/mattermost-plugin-azure-devops/server/plugin/hooks.go:58.16,60.3 1 0
github.com/mattermost/mattermost-plugin-azure-devops/server/plugin/hooks.go:62.54,64.3 1 0
github.com/mattermost/mattermost-plugin-azure-devops/server/plugin/oAuth.go:28.45,37.2 1 0
github.com/mattermost/mattermost-plugin-azure-devops/server/plugin/oAuth.go:40.74,44.78 3 0
github.com/mattermost/mattermost-plugin-azure-devops/server/plugin/oAuth.go:48.2,58.48 4 0
github.com/mattermost/mattermost-plugin-azure-devops/server/plugin/oAuth.go:63.2,64.31 2 0
github.com/mattermost/mattermost-plugin-azure-devops/server/plugin/oAuth.go:44.78,46.3 1 0
github.com/mattermost/mattermost-plugin-azure-devops/server/plugin/oAuth.go:58.48,60.3 1 0
github.com/mattermost/mattermost-plugin-azure-devops/server/plugin/oAuth.go:60.8,62.3 1 0
github.com/mattermost/mattermost-plugin-azure-devops/server/plugin/oAuth.go:68.71,71.28 2 1
github.com/mattermost/mattermost-plugin-azure-devops/server/plugin/oAuth.go:76.2,76.74 1 1
github.com/mattermost/mattermost-plugin-azure-devops/server/plugin/oAuth.go:86.2,88.52 2 1
github.com/mattermost/mattermost-plugin-azure-devops/server/plugin/oAuth.go:71.28,74.3 2 1
github.com/mattermost/mattermost-plugin-azure-devops/server/plugin/oAuth.go:76.74,78.94 2 1
github.com/mattermost/mattermost-plugin-azure-devops/server/plugin/oAuth.go:82.3,83.9 2 1
github.com/mattermost/mattermost-plugin-azure-devops/server/plugin/oAuth.go:78.94,81.4 2 1
github.com/mattermost/mattermost-plugin-azure-devops/server/plugin/oAuth.go:92.72,94.16 2 1
github.com/mattermost/mattermost-plugin-azure-devops/server/plugin/oAuth.go:99.2,100.17 2 1
github.com/mattermost/mattermost-plugin-azure-devops/server/plugin/oAuth.go:105.2,105.79 1 1
github.com/mattermost/mattermost-plugin-azure-devops/server/plugin/oAuth.go:110.2,110.58 1 1
github.com/mattermost/mattermost-plugin-azure-devops/server/plugin/oAuth.go:115.2,115.41 1 1
github.com/mattermost/mattermost-plugin-azure-devops/server/plugin/oAuth.go:94.16,97.3 2 1
github.com/mattermost/mattermost-plugin-azure-devops/server/plugin/oAuth.go:100.17,103.3 2 1
github.com/mattermost/mattermost-plugin-azure-devops/server/plugin/oAuth.go:105.79,108.3 2 1
github.com/mattermost/mattermost-plugin-azure-devops/server/plugin/oAuth.go:110.58,113.3 2 1
github.com/mattermost/mattermost-plugin-azure-devops/server/plugin/oAuth.go:119.63,122.74 2 1
github.com/mattermost/mattermost-plugin-azure-devops/server/plugin/oAuth.go:129.2,137.93 2 1
github.com/mattermost/mattermost-plugin-azure-devops/server/plugin/oAuth.go:141.2,147.127 2 1
github.com/mattermost/mattermost-plugin-azure-devops/server/plugin/oAuth.go:151.2,151.12 1 1
github.com/mattermost/mattermost-plugin-azure-devops/server/plugin/oAuth.go:122.74,123.93 1 0
github.com/mattermost/mattermost-plugin-azure-devops/server/plugin/oAuth.go:126.3,126.58 1 0
github.com/mattermost/mattermost-plugin-azure-devops/server/plugin/oAuth.go:123.93,125.4 1 0
github.com/mattermost/mattermost-plugin-azure-devops/server/plugin/oAuth.go:137.93,139.3 1 0
github.com/mattermost/mattermost-plugin-azure-devops/server/plugin/oAuth.go:147.127,149.3 1 0
github.com/mattermost/mattermost-plugin-azure-devops/server/plugin/oAuth.go:155.81,157.16 2 1
github.com/mattermost/mattermost-plugin-azure-devops/server/plugin/oAuth.go:164.2,165.16 2 1
github.com/mattermost/mattermost-plugin-azure-devops/server/plugin/oAuth.go:172.2,180.77 2 1
github.com/mattermost/mattermost-plugin-azure-devops/server/plugin/oAuth.go:157.16,158.93 1 1
github.com/mattermost/mattermost-plugin-azure-devops/server/plugin/oAuth.go:161.3,161.13 1 1
github.com/mattermost/mattermost-plugin-azure-devops/server/plugin/oAuth.go:158.93,160.4 1 1
github.com/mattermost/mattermost-plugin-azure-devops/server/plugin/oAuth.go:165.16,166.93 1 1
github.com/mattermost/mattermost-plugin-azure-devops/server/plugin/oAuth.go:169.3,169.13 1 1
github.com/mattermost/mattermost-plugin-azure-devops/server/plugin/oAuth.go:166.93,168.4 1 1
github.com/mattermost/mattermost-plugin-azure-devops/server/plugin/oAuth.go:184.109,186.16 2 1
github.com/mattermost/mattermost-plugin-azure-devops/server/plugin/oAuth.go:193.2,194.16 2 1
github.com/mattermost/mattermost-plugin-azure-devops/server/plugin/oAuth.go:198.2,199.16 2 1
github.com/mattermost/mattermost-plugin-azure-devops/server/plugin/oAuth.go:203.2,204.16 2 1
github.com/mattermost/mattermost-plugin-azure-devops/server/plugin/oAuth.go:211.2,218.49 2 1
github.com/mattermost/mattermost-plugin-azure-devops/server/plugin/oAuth.go:222.2,222.12 1 1
github.com/mattermost/mattermost-plugin-azure-devops/server/plugin/oAuth.go:186.16,187.93 1 0
github.com/mattermost/mattermost-plugin-azure-devops/server/plugin/oAuth.go:190.3,190.60 1 0
github.com/mattermost/mattermost-plugin-azure-devops/server/plugin/oAuth.go:187.93,189.4 1 0
github.com/mattermost/mattermost-plugin-azure-devops/server/plugin/oAuth.go:194.16,196.3 1 0
github.com/mattermost/mattermost-plugin-azure-devops/server/plugin/oAuth.go:199.16,201.3 1 0
github.com/mattermost/mattermost-plugin-azure-devops/server/plugin/oAuth.go:204.16,205.93 1 0
github.com/mattermost/mattermost-plugin-azure-devops/server/plugin/oAuth.go:208.3,208.13 1 0
github.com/mattermost/mattermost-plugin-azure-devops/server/plugin/oAuth.go:205.93,207.4 1 0
github.com/mattermost/mattermost-plugin-azure-devops/server/plugin/oAuth.go:218.49,220.3 1 1
github.com/mattermost/mattermost-plugin-azure-devops/server/plugin/oAuth.go:226.79,228.16 2 1
github.com/mattermost/mattermost-plugin-azure-devops/server/plugin/oAuth.go:234.2,235.115 2 1
github.com/mattermost/mattermost-plugin-azure-devops/server/plugin/oAuth.go:239.2,239.18 1 1
github.com/mattermost/mattermost-plugin-azure-devops/server/plugin/oAuth.go:228.16,231.3 2 1
github.com/mattermost/mattermost-plugin-azure-devops/server/plugin/oAuth.go:235.115,237.3 1 0
github.com/mattermost/mattermost-plugin-azure-devops/server/plugin/oAuth.go:243.69,245.16 2 1
github.com/mattermost/mattermost-plugin-azure-devops/server/plugin/oAuth.go:250.2,250.28 1 1
github.com/mattermost/mattermost-plugin-azure-devops/server/plugin/oAuth.go:254.2,254.14 1 1
github.com/mattermost/mattermost-plugin-azure-devops/server/plugin/oAuth.go:245.16,248.3 2 1
github.com/mattermost/mattermost-plugin-azure-devops/server/plugin/oAuth.go:250.28,252.3 1 0
github.com/mattermost/mattermost-plugin-azure-devops/server/plugin/oAuth.go:258.76,274.49 3 1
github.com/mattermost/mattermost-plugin-azure-devops/server/plugin/oAuth.go:274.49,276.3 1 0
github.com/mattermost/mattermost-plugin-azure-devops/server/plugin/plugin.go:44.59,48.28 3 1
github.com/mattermost/mattermost-plugin-azure-devops/server/plugin/plugin.go:52.2,52.24 1 1
github.com/mattermost/mattermost-plugin-azure-devops/server/plugin/plugin.go:48.28,50.3 1 1
github.com/mattermost/mattermost-plugin-azure-devops/server/plugin/plugin.go:64.72,68.62 3 1
github.com/mattermost/mattermost-plugin-azure-devops/server/plugin/plugin.go:79.2,79.33 1 1
github.com/mattermost/mattermost-plugin-azure-devops/server/plugin/plugin.go:68.62,72.54 1 0
github.com/mattermost/mattermost-plugin-azure-devops/server/plugin/plugin.go:76.3,76.67 1 0
github.com/mattermost/mattermost-plugin-azure-devops/server/plugin/plugin.go:72.54,74.4 1 0
github.com/mattermost/mattermost-plugin-azure-devops/server/plugin/plugin.go:83.38,89.16 2 1
github.com/mattermost/mattermost-plugin-azure-devops/server/plugin/plugin.go:93.2,94.12 2 1
github.com/mattermost/mattermost-plugin-azure-devops/server/plugin/plugin.go:89.16,91.3 1 0
github.com/mattermost/mattermost-plugin-azure-devops/server/plugin/plugin.go:98.87,100.2 1 0
github.com/mattermost/mattermost-plugin-azure-devops/server/plugin/plugin.go:103.71,106.16 3 1
github.com/mattermost/mattermost-plugin-azure-devops/server/plugin/plugin.go:110.2,111.25 2 1
github.com/mattermost/mattermost-plugin-azure-devops/server/plugin/plugin.go:106.16,108.3 1 1
github.com/mattermost/mattermost-plugin-azure-devops/server/plugin/plugin.go:114.97,116.91 1 1
github.com/mattermost/mattermost-plugin-azure-devops/server/plugin/plugin.go:122.2,122.108 1 1
github.com/mattermost/mattermost-plugin-azure-devops/server/plugin/plugin.go:128.2,128.110 1 1
github.com/mattermost/mattermost-plugin-azure-devops/server/plugin/plugin.go:133.2,133.16 1 1
github.com/mattermost/mattermost-plugin-azure-devops/server/plugin/plugin.go:116.91,119.3 2 1
github.com/mattermost/mattermost-plugin-azure-devops/server/plugin/plugin.go:122.108,125.3 2 0
github.com/mattermost/mattermost-plugin-azure-devops/server/plugin/plugin.go:128.110,131.3 2 0
github.com/mattermost/mattermost-plugin-azure-devops/server/plugin/taskLinkPreview.go:14.101,16.16 2 1
github.com/mattermost/mattermost-plugin-azure-devops/server/plugin/taskLinkPreview.go:21.2,22.22 2 1
github.com/mattermost/mattermost-plugin-azure-devops/server/plugin/taskLinkPreview.go:26.2,27.23 2 1
github.com/mattermost/mattermost-plugin-azure-devops/server/plugin/taskLinkPreview.go:31.2,60.17 4 1
github.com/mattermost/mattermost-plugin-azure-devops/server/plugin/taskLinkPreview.go:16.16,19.3 2 0
github.com/mattermost/mattermost-plugin-azure-devops/server/plugin/taskLinkPreview.go:22.22,24.3 1 1
github.com/mattermost/mattermost-plugin-azure-devops/server/plugin/taskLinkPreview.go:27.23,29.3 1 1
github.com/mattermost/mattermost-plugin-azure-devops/server/plugin/taskLinkPreview.go:63.114,65.16 2 1
github.com/mattermost/mattermost-plugin-azure-devops/server/plugin/taskLinkPreview.go:70.2,71.61 2 1
github.com/mattermost/mattermost-plugin-azure-devops/server/plugin/taskLinkPreview.go:75.2,75.61 1 1
github.com/mattermost/mattermost-plugin-azure-devops/server/plugin/taskLinkPreview.go:79.2,110.17 5 1
github.com/mattermost/mattermost-plugin-azure-devops/server/plugin/taskLinkPreview.go:65.16,68.3 2 0
github.com/mattermost/mattermost-plugin-azure-devops/server/plugin/taskLinkPreview.go:71.61,73.3 1 0
github.com/mattermost/mattermost-plugin-azure-devops/server/plugin/taskLinkPreview.go:75.61,77.3 1 0
github.com/mattermost/mattermost-plugin-azure-devops/server/plugin/taskLinkPreview.go:113.115,118.16 5 1
github.com/mattermost/mattermost-plugin-azure-devops/server/plugin/taskLinkPreview.go:123.2,160.17 4 1
github.com/mattermost/mattermost-plugin-azure-devops/server/plugin/taskLinkPreview.go:118.16,121.3 2 0
github.com/mattermost/mattermost-plugin-azure-devops/server/plugin/utils.go:26.126,35.2 3 1
github.com/mattermost/mattermost-plugin-azure-devops/server/plugin/utils.go:38.115,40.16 2 1
github.com/mattermost/mattermost-plugin-azure-devops/server/plugin/utils.go:44.2,50.23 3 1
github.com/mattermost/mattermost-plugin-azure-devops/server/plugin/utils.go:60.2,61.16 2 1
github.com/mattermost/mattermost-plugin-azure-devops/server/plugin/utils.go:65.2,65.25 1 1
github.com/mattermost/mattermost-plugin-azure-devops/server/plugin/utils.go:40.16,43.3 2 1
github.com/mattermost/mattermost-plugin-azure-devops/server/plugin/utils.go:50.23,59.3 3 1
github.com/mattermost/mattermost-plugin-azure-devops/server/plugin/utils.go:61.16,64.3 2 1
github.com/mattermost/mattermost-plugin-azure-devops/server/plugin/utils.go:69.50,73.2 3 1
github.com/mattermost/mattermost-plugin-azure-devops/server/plugin/utils.go:76.57,79.16 3 1
github.com/mattermost/mattermost-plugin-azure-devops/server/plugin/utils.go:82.2,82.33 1 1
github.com/mattermost/mattermost-plugin-azure-devops/server/plugin/utils.go:79.16,81.3 1 0
github.com/mattermost/mattermost-plugin-azure-devops/server/plugin/utils.go:86.64,87.22 1 1
github.com/mattermost/mattermost-plugin-azure-devops/server/plugin/utils.go:91.2,92.16 2 1
github.com/mattermost/mattermost-plugin-azure-devops/server/plugin/utils.go:96.2,97.16 2 1
github.com/mattermost/mattermost-plugin-azure-devops/server/plugin/utils.go:101.2,102.58 2 0
github.com/mattermost/mattermost-plugin-azure-devops/server/plugin/utils.go:106.2,107.38 2 0
github.com/mattermost/mattermost-plugin-azure-devops/server/plugin/utils.go:87.22,89.3 1 1
github.com/mattermost/mattermost-plugin-azure-devops/server/plugin/utils.go:92.16,94.3 1 1
github.com/mattermost/mattermost-plugin-azure-devops/server/plugin/utils.go:97.16,99.3 1 1
github.com/mattermost/mattermost-plugin-azure-devops/server/plugin/utils.go:102.58,104.3 1 0
github.com/mattermost/mattermost-plugin-azure-devops/server/plugin/utils.go:111.68,112.22 1 1
github.com/mattermost/mattermost-plugin-azure-devops/server/plugin/utils.go:116.2,117.16 2 1
github.com/mattermost/mattermost-plugin-azure-devops/server/plugin/utils.go:121.2,122.16 2 1
github.com/mattermost/mattermost-plugin-azure-devops/server/plugin/utils.go:126.2,127.32 2 0
github.com/mattermost/mattermost-plugin-azure-devops/server/plugin/utils.go:131.2,133.16 3 0
github.com/mattermost/mattermost-plugin-azure-devops/server/plugin/utils.go:137.2,137.19 1 0
github.com/mattermost/mattermost-plugin-azure-devops/server/plugin/utils.go:112.22,114.3 1 1
github.com/mattermost/mattermost-plugin-azure-devops/server/plugin/utils.go:117.16,119.3 1 1
github.com/mattermost/mattermost-plugin-azure-devops/server/plugin/utils.go:122.16,124.3 1 1
github.com/mattermost/mattermost-plugin-azure-devops/server/plugin/utils.go:127.32,129.3 1 0
github.com/mattermost/mattermost-plugin-azure-devops/server/plugin/utils.go:133.16,135.3 1 0
github.com/mattermost/mattermost-plugin-azure-devops/server/plugin/utils.go:140.38,142.2 1 1
github.com/mattermost/mattermost-plugin-azure-devops/server/plugin/utils.go:144.44,146.2 1 1
github.com/mattermost/mattermost-plugin-azure-devops/server/plugin/utils.go:148.40,150.2 1 1
github.com/mattermost/mattermost-plugin-azure-devops/server/plugin/utils.go:152.65,154.16 2 1
github.com/mattermost/mattermost-plugin-azure-devops/server/plugin/utils.go:157.2,158.16 2 1
github.com/mattermost/mattermost-plugin-azure-devops/server/plugin/utils.go:161.2,161.42 1 1
github.com/mattermost/mattermost-plugin-azure-devops/server/plugin/utils.go:154.16,156.3 1 1
github.com/mattermost/mattermost-plugin-azure-devops/server/plugin/utils.go:158.16,160.3 1 1
github.com/mattermost/mattermost-plugin-azure-devops/server/plugin/utils.go:165.83,167.16 2 1
github.com/mattermost/mattermost-plugin-azure-devops/server/plugin/utils.go:170.2,171.16 2 1
github.com/mattermost/mattermost-plugin-azure-devops/server/plugin/utils.go:175.2,176.12 2 1
github.com/mattermost/mattermost-plugin-azure-devops/server/plugin/utils.go:167.16,169.3 1 1
github.com/mattermost/mattermost-plugin-azure-devops/server/plugin/utils.go:171.16,173.3 1 1
github.com/mattermost/mattermost-plugin-azure-devops/server/plugin/utils.go:179.148,180.32 1 1
github.com/mattermost/mattermost-plugin-azure-devops/server/plugin/utils.go:185.2,185.19 1 1
github.com/mattermost/mattermost-plugin-azure-devops/server/plugin/utils.go:180.32,181.93 1 1
github.com/mattermost/mattermost-plugin-azure-devops/server/plugin/utils.go:181.93,183.4 1 1
github.com/mattermost/mattermost-plugin-azure-devops/server/plugin/utils.go:188.181,189.37 1 1
github.com/mattermost/mattermost-plugin-azure-devops/server/plugin/utils.go:194.2,194.19 1 1
github.com/mattermost/mattermost-plugin-azure-devops/server/plugin/utils.go:189.37,190.595 1 1
github.com/mattermost/mattermost-plugin-azure-devops/server/plugin/utils.go:190.595,192.4 1 1
github.com/mattermost/mattermost-plugin-azure-devops/server/plugin/utils.go:197.76,199.16 2 1
github.com/mattermost/mattermost-plugin-azure-devops/server/plugin/utils.go:203.2,203.27 1 1
github.com/mattermost/mattermost-plugin-azure-devops/server/plugin/utils.go:207.2,207.18 1 1
github.com/mattermost/mattermost-plugin-azure-devops/server/plugin/utils.go:199.16,201.3 1 1
github.com/mattermost/mattermost-plugin-azure-devops/server/plugin/utils.go:203.27,205.3 1 1
github.com/mattermost/mattermost-plugin-azure-devops/server/plugin/utils.go:210.57,212.2 1 1
github.com/mattermost/mattermost-plugin-azure-devops/server/plugin/utils.go:214.169,218.36 3 1
github.com/mattermost/mattermost-plugin-azure-devops/server/plugin/utils.go:224.2,224.40 1 1
github.com/mattermost/mattermost-plugin-azure-devops/server/plugin/utils.go:229.2,257.56 6 1
github.com/mattermost/mattermost-plugin-azure-devops/server/plugin/utils.go:274.2,274.25 1 1
github.com/mattermost/mattermost-plugin-azure-devops/server/plugin/utils.go:279.2,279.20 1 1
github.com/mattermost/mattermost-plugin-azure-devops/server/plugin/utils.go:218.36,222.3 3 1
github.com/mattermost/mattermost-plugin-azure-devops/server/plugin/utils.go:224.40,227.3 2 1
github.com/mattermost/mattermost-plugin-azure-devops/server/plugin/utils.go:257.56,258.61 1 1
github.com/mattermost/mattermost-plugin-azure-devops/server/plugin/utils.go:258.61,259.21 1 1
github.com/mattermost/mattermost-plugin-azure-devops/server/plugin/utils.go:260.37,261.87 1 1
github.com/mattermost/mattermost-plugin-azure-devops/server/plugin/utils.go:265.41,266.44 1 1
github.com/mattermost/mattermost-plugin-azure-devops/server/plugin/utils.go:261.87,264.6 2 1
github.com/mattermost/mattermost-plugin-azure-devops/server/plugin/utils.go:266.44,269.6 2 1
github.com/mattermost/mattermost-plugin-azure-devops/server/plugin/utils.go:274.25,277.3 2 1
github.com/mattermost/mattermost-plugin-azure-devops/server/plugin/utils.go:282.88,285.90 3 1
github.com/mattermost/mattermost-plugin-azure-devops/server/plugin/utils.go:292.2,293.9 2 1
github.com/mattermost/mattermost-plugin-azure-devops/server/plugin/utils.go:301.2,301.28 1 1
github.com/mattermost/mattermost-plugin-azure-devops/server/plugin/utils.go:285.90,288.3 2 1
github.com/mattermost/mattermost-plugin-azure-devops/server/plugin/utils.go:288.8,290.3 1 1
github.com/mattermost/mattermost-plugin-azure-devops/server/plugin/utils.go:294.68,296.40 2 1
github.com/mattermost/mattermost-plugin-azure-devops/server/plugin/utils.go:297.10,298.14 1 1
github.com/mattermost/mattermost-plugin-azure-devops/server/plugin/utils.go:304.196,306.23 2 0
github.com/mattermost/mattermost-plugin-azure-devops/server/plugin/utils.go:311.2,312.16 2 0
github.com/mattermost/mattermost-plugin-azure-devops/server/plugin/utils.go:317.2,318.48 2 0
github.com/mattermost/mattermost-plugin-azure-devops/server/plugin/utils.go:334.2,334.38 1 0
github.com/mattermost/mattermost-plugin-azure-devops/server/plugin/utils.go:306.23,309.3 2 0
github.com/mattermost/mattermost-plugin-azure-devops/server/plugin/utils.go:312.16,315.3 2 0
github.com/mattermost/mattermost-plugin-azure-devops/server/plugin/utils.go:318.48,320.205 1 0
github.com/mattermost/mattermost-plugin-azure-devops/server/plugin/utils.go:320.205,321.30 1 0
github.com/mattermost/mattermost-plugin-azure-devops/server/plugin/utils.go:321.30,323.5 1 0
github.com/mattermost/mattermost-plugin-azure-devops/server/plugin/utils.go:323.10,324.38 1 0
github.com/mattermost/mattermost-plugin-azure-devops/server/plugin/utils.go:324.38,325.46 1 0
github.com/mattermost/mattermost-plugin-azure-devops/server/plugin/utils.go:325.46,327.12 2 0
github.com/mattermost/mattermost-plugin-azure-devops/server/plugin/utils.go:338.82,339.44 1 1
github.com/mattermost/mattermost-plugin-azure-devops/server/plugin/utils.go:343.2,343.12 1 1
github.com/mattermost/mattermost-plugin-azure-devops/server/plugin/utils.go:339.44,341.3 1 0
github.com/mattermost/mattermost-plugin-azure-devops/server/plugin/api.go:24.40,31.2 4 1
github.com/mattermost/mattermost-plugin-azure-devops/server/plugin/api.go:34.31,56.2 17 1
github.com/mattermost/mattermost-plugin-azure-devops/server/plugin/api.go:59.75,63.16 3 1
github.com/mattermost/mattermost-plugin-azure-devops/server/plugin/api.go:69.2,69.59 1 1
github.com/mattermost/mattermost-plugin-azure-devops/server/plugin/api.go:74.2,75.16 2 1
github.com/mattermost/mattermost-plugin-azure-devops/server/plugin/api.go:81.2,85.69 3 1
github.com/mattermost/mattermost-plugin-azure-devops/server/plugin/api.go:63.16,67.3 3 1
github.com/mattermost/mattermost-plugin-azure-devops/server/plugin/api.go:69.59,72.3 2 1
github.com/mattermost/mattermost-plugin-azure-devops/server/plugin/api.go:75.16,79.3 3 0
github.com/mattermost/mattermost-plugin-azure-devops/server/plugin/api.go:85.69,87.3 1 0
github.com/mattermost/mattermost-plugin-azure-devops/server/plugin/api.go:91.69,95.16 3 1
github.com/mattermost/mattermost-plugin-azure-devops/server/plugin/api.go:101.2,101.78 1 1
github.com/mattermost/mattermost-plugin-azure-devops/server/plugin/api.go:106.2,107.16 2 1
github.com/mattermost/mattermost-plugin-azure-devops/server/plugin/api.go:113.2,113.218 1 1
github.com/mattermost/mattermost-plugin-azure-devops/server/plugin/api.go:118.2,119.16 2 1
github.com/mattermost/mattermost-plugin-azure-devops/server/plugin/api.go:124.2,126.28 3 1
github.com/mattermost/mattermost-plugin-azure-devops/server/plugin/api.go:139.2,147.65 2 1
github.com/mattermost/mattermost-plugin-azure-devops/server/plugin/api.go:152.2,152.19 1 1
github.com/mattermost/mattermost-plugin-azure-devops/server/plugin/api.go:95.16,99.3 3 1
github.com/mattermost/mattermost-plugin-azure-devops/server/plugin/api.go:101.78,104.3 2 1
github.com/mattermost/mattermost-plugin-azure-devops/server/plugin/api.go:107.16,111.3 3 0
github.com/mattermost/mattermost-plugin-azure-devops/server/plugin/api.go:113.218,116.3 2 1
github.com/mattermost/mattermost-plugin-azure-devops/server/plugin/api.go:119.16,122.3 2 0
github.com/mattermost/mattermost-plugin-azure-devops/server/plugin/api.go:126.28,127.10 1 0
github.com/mattermost/mattermost-plugin-azure-devops/server/plugin/api.go:128.184,129.18 1 0
github.com/mattermost/mattermost-plugin-azure-devops/server/plugin/api.go:130.124,131.19 1 0
github.com/mattermost/mattermost-plugin-azure-devops/server/plugin/api.go:132.11,135.10 3 0
github.com/mattermost/mattermost-plugin-azure-devops/server/plugin/api.go:147.65,150.3 2 0
github.com/mattermost/mattermost-plugin-azure-devops/server/plugin/api.go:156.85,159.16 3 1
github.com/mattermost/mattermost-plugin-azure-devops/server/plugin/api.go:165.2,167.27 2 1
github.com/mattermost/mattermost-plugin-azure-devops/server/plugin/api.go:175.2,175.29 1 0
github.com/mattermost/mattermost-plugin-azure-devops/server/plugin/api.go:159.16,163.3 3 1
github.com/mattermost/mattermost-plugin-azure-devops/server/plugin/api.go:167.27,168.49 1 1
github.com/mattermost/mattermost-plugin-azure-devops/server/plugin/api.go:172.3,172.9 1 1
github.com/mattermost/mattermost-plugin-azure-devops/server/plugin/api.go:168.49,171.4 2 0
github.com/mattermost/mattermost-plugin-azure-devops/server/plugin/api.go:179.78,183.16 3 1
github.com/mattermost/mattermost-plugin-azure-devops/server/plugin/api.go:189.2,189.62 1 1
github.com/mattermost/mattermost-plugin-azure-devops/server/plugin/api.go:194.2,195.16 2 1
github.com/mattermost/mattermost-plugin-azure-devops/server/plugin/api.go:201.2,201.86 1 1
github.com/mattermost/mattermost-plugin-azure-devops/server/plugin/api.go:207.2,207.33 1 1
github.com/mattermost/mattermost-plugin-azure-devops/server/plugin/api.go:215.2,220.23 1 1
github.com/mattermost/mattermost-plugin-azure-devops/server/plugin/api.go:225.2,229.34 2 1
github.com/mattermost/mattermost-plugin-azure-devops/server/plugin/api.go:183.16,187.3 3 1
github.com/mattermost/mattermost-plugin-azure-devops/server/plugin/api.go:189.62,192.3 2 0
github.com/mattermost/mattermost-plugin-azure-devops/server/plugin/api.go:195.16,199.3 3 0
github.com/mattermost/mattermost-plugin-azure-devops/server/plugin/api.go:201.86,205.3 3 0
github.com/mattermost/mattermost-plugin-azure-devops/server/plugin/api.go:207.33,208.105 1 0
github.com/mattermost/mattermost-plugin-azure-devops/server/plugin/api.go:208.105,212.4 3 0
github.com/mattermost/mattermost-plugin-azure-devops/server/plugin/api.go:220.23,223.3 2 0
github.com/mattermost/mattermost-plugin-azure-devops/server/plugin/api.go:232.96,234.16 2 1
github.com/mattermost/mattermost-plugin-azure-devops/server/plugin/api.go:239.2,239.48 1 1
github.com/mattermost/mattermost-plugin-azure-devops/server/plugin/api.go:249.2,249.27 1 1
github.com/mattermost/mattermost-plugin-azure-devops/server/plugin/api.go:234.16,237.3 2 1
github.com/mattermost/mattermost-plugin-azure-devops/server/plugin/api.go:239.48,240.42 1 1
github.com/mattermost/mattermost-plugin-azure-devops/server/plugin/api.go:240.42,242.24 2 1
github.com/mattermost/mattermost-plugin-azure-devops/server/plugin/api.go:242.24,245.5 2 0
github.com/mattermost/mattermost-plugin-azure-devops/server/plugin/api.go:252.83,255.16 3 1
github.com/mattermost/mattermost-plugin-azure-devops/server/plugin/api.go:261.2,261.85 1 1
github.com/mattermost/mattermost-plugin-azure-devops/server/plugin/api.go:266.2,267.16 2 1
github.com/mattermost/mattermost-plugin-azure-devops/server/plugin/api.go:273.2,274.22 2 1
github.com/mattermost/mattermost-plugin-azure-devops/server/plugin/api.go:280.2,281.16 2 1
github.com/mattermost/mattermost-plugin-azure-devops/server/plugin/api.go:287.2,300.28 1 1
github.com/mattermost/mattermost-plugin-azure-devops/server/plugin/api.go:306.2,307.16 2 1
github.com/mattermost/mattermost-plugin-azure-devops/server/plugin/api.go:313.2,314.23 2 1
github.com/mattermost/mattermost-plugin-azure-devops/server/plugin/api.go:320.2,321.20 2 1
github.com/mattermost/mattermost-plugin-azure-devops/server/plugin/api.go:327.2,328.55 2 1
github.com/mattermost/mattermost-plugin-azure-devops/server/plugin/api.go:331.2,357.22 1 1
github.com/mattermost/mattermost-plugin-azure-devops/server/plugin/api.go:362.2,362.30 1 1
github.com/mattermost/mattermost-plugin-azure-devops/server/plugin/api.go:255.16,259.3 3 1
github.com/mattermost/mattermost-plugin-azure-devops/server/plugin/api.go:261.85,264.3 2 1
github.com/mattermost/mattermost-plugin-azure-devops/server/plugin/api.go:267.16,271.3 3 0
github.com/mattermost/mattermost-plugin-azure-devops/server/plugin/api.go:274.22,278.3 3 0
github.com/mattermost/mattermost-plugin-azure-devops/server/plugin/api.go:281.16,285.3 3 0
github.com/mattermost/mattermost-plugin-azure-devops/server/plugin/api.go:300.28,304.3 3 0
github.com/mattermost/mattermost-plugin-azure-devops/server/plugin/api.go:307.16,311.3 3 0
github.com/mattermost/mattermost-plugin-azure-devops/server/plugin/api.go:314.23,318.3 3 0
github.com/mattermost/mattermost-plugin-azure-devops/server/plugin/api.go:321.20,325.3 3 0
github.com/mattermost/mattermost-plugin-azure-devops/server/plugin/api.go:328.55,330.3 1 1
github.com/mattermost/mattermost-plugin-azure-devops/server/plugin/api.go:357.22,360.3 2 0
github.com/mattermost/mattermost-plugin-azure-devops/server/plugin/api.go:365.81,370.30 4 1
github.com/mattermost/mattermost-plugin-azure-devops/server/plugin/api.go:376.2,379.19 4 1
github.com/mattermost/mattermost-plugin-azure-devops/server/plugin/api.go:385.2,385.28 1 1
github.com/mattermost/mattermost-plugin-azure-devops/server/plugin/api.go:391.2,396.19 6 1
github.com/mattermost/mattermost-plugin-azure-devops/server/plugin/api.go:472.2,472.34 1 1
github.com/mattermost/mattermost-plugin-azure-devops/server/plugin/api.go:370.30,374.3 3 1
github.com/mattermost/mattermost-plugin-azure-devops/server/plugin/api.go:380.39,381.84 1 1
github.com/mattermost/mattermost-plugin-azure-devops/server/plugin/api.go:382.39,383.70 1 0
github.com/mattermost/mattermost-plugin-azure-devops/server/plugin/api.go:385.28,389.3 3 1
github.com/mattermost/mattermost-plugin-azure-devops/server/plugin/api.go:396.19,398.49 2 1
github.com/mattermost/mattermost-plugin-azure-devops/server/plugin/api.go:431.3,431.57 1 1
github.com/mattermost/mattermost-plugin-azure-devops/server/plugin/api.go:452.3,453.37 2 1
github.com/mattermost/mattermost-plugin-azure-devops/server/plugin/api.go:459.3,460.61 2 1
github.com/mattermost/mattermost-plugin-azure-devops/server/plugin/api.go:469.3,469.44 1 1
github.com/mattermost/mattermost-plugin-azure-devops/server/plugin/api.go:398.49,399.43 1 0
github.com/mattermost/mattermost-plugin-azure-devops/server/plugin/api.go:399.43,400.63 1 0
github.com/mattermost/mattermost-plugin-azure-devops/server/plugin/api.go:400.63,401.25 1 0
github.com/mattermost/mattermost-plugin-azure-devops/server/plugin/api.go:402.35,403.74 1 0
github.com/mattermost/mattermost-plugin-azure-devops/server/plugin/api.go:404.34,405.24 1 0
github.com/mattermost/mattermost-plugin-azure-devops/server/plugin/api.go:415.33,416.24 1 0
github.com/mattermost/mattermost-plugin-azure-devops/server/plugin/api.go:406.36,407.78 1 0
github.com/mattermost/mattermost-plugin-azure-devops/server/plugin/api.go:410.15,411.47 1 0
github.com/mattermost/mattermost-plugin-azure-devops/server/plugin/api.go:407.78,409.9 1 0
github.com/mattermost/mattermost-plugin-azure-devops/server/plugin/api.go:411.47,413.9 1 0
github.com/mattermost/mattermost-plugin-azure-devops/server/plugin/api.go:417.36,418.77 1 0
github.com/mattermost/mattermost-plugin-azure-devops/server/plugin/api.go:421.15,422.47 1 0
github.com/mattermost/mattermost-plugin-azure-devops/server/plugin/api.go:418.77,420.9 1 0
github.com/mattermost/mattermost-plugin-azure-devops/server/plugin/api.go:422.47,424.9 1 0
github.com/mattermost/mattermost-plugin-azure-devops/server/plugin/api.go:431.57,450.4 1 0
github.com/mattermost/mattermost-plugin-azure-devops/server/plugin/api.go:453.37,457.4 3 1
github.com/mattermost/mattermost-plugin-azure-devops/server/plugin/api.go:460.61,461.44 1 0
github.com/mattermost/mattermost-plugin-azure-devops/server/plugin/api.go:464.4,464.23 1 0
github.com/mattermost/mattermost-plugin-azure-devops/server/plugin/api.go:461.44,462.10 1 0
github.com/mattermost/mattermost-plugin-azure-devops/server/plugin/api.go:464.23,466.5 1 0
github.com/mattermost/mattermost-plugin-azure-devops/server/plugin/api.go:475.86,477.42 2 1
github.com/mattermost/mattermost-plugin-azure-devops/server/plugin/api.go:485.2,485.21 1 1
github.com/mattermost/mattermost-plugin-azure-devops/server/plugin/api.go:488.2,488.18 1 0
github.com/mattermost/mattermost-plugin-azure-devops/server/plugin/api.go:477.42,478.32 1 0
github.com/mattermost/mattermost-plugin-azure-devops/server/plugin/api.go:478.32,480.4 1 0
github.com/mattermost/mattermost-plugin-azure-devops/server/plugin/api.go:480.9,482.4 1 0
github.com/mattermost/mattermost-plugin-azure-devops/server/plugin/api.go:485.21,487.3 1 1
github.com/mattermost/mattermost-plugin-azure-devops/server/plugin/api.go:491.90,493.16 2 1
github.com/mattermost/mattermost-plugin-azure-devops/server/plugin/api.go:499.2,500.21 2 1
github.com/mattermost/mattermost-plugin-azure-devops/server/plugin/api.go:506.2,506.33 1 1
github.com/mattermost/mattermost-plugin-azure-devops/server/plugin/api.go:512.2,513.24 2 1
github.com/mattermost/mattermost-plugin-azure-devops/server/plugin/api.go:836.2,842.50 3 1
github.com/mattermost/mattermost-plugin-azure-devops/server/plugin/api.go:846.2,846.19 1 1
github.com/mattermost/mattermost-plugin-azure-devops/server/plugin/api.go:493.16,497.3 3 1
github.com/mattermost/mattermost-plugin-azure-devops/server/plugin/api.go:500.21,504.3 3 1
github.com/mattermost/mattermost-plugin-azure-devops/server/plugin/api.go:506.33,510.3 3 1
github.com/mattermost/mattermost-plugin-azure-devops/server/plugin/api.go:514.184,520.4 1 0
github.com/mattermost/mattermost-plugin-azure-devops/server/plugin/api.go:521.146,525.64 3 0
github.com/mattermost/mattermost-plugin-azure-devops/server/plugin/api.go:529.3,529.64 1 0
github.com/mattermost/mattermost-plugin-azure-devops/server/plugin/api.go:533.3,557.4 1 0
github.com/mattermost/mattermost-plugin-azure-devops/server/plugin/api.go:558.55,562.76 3 0
github.com/mattermost/mattermost-plugin-azure-devops/server/plugin/api.go:566.3,566.76 1 0
github.com/mattermost/mattermost-plugin-azure-devops/server/plugin/api.go:571.3,572.17 2 0
github.com/mattermost/mattermost-plugin-azure-devops/server/plugin/api.go:579.3,580.61 2 0
github.com/mattermost/mattermost-plugin-azure-devops/server/plugin/api.go:586.3,614.4 1 0
github.com/mattermost/mattermost-plugin-azure-devops/server/plugin/api.go:615.45,617.51 2 0
github.com/mattermost/mattermost-plugin-azure-devops/server/plugin/api.go:621.3,621.20 1 0
github.com/mattermost/mattermost-plugin-azure-devops/server/plugin/api.go:625.3,634.4 1 0
github.com/mattermost/mattermost-plugin-azure-devops/server/plugin/api.go:635.49,637.17 2 0
github.com/mattermost/mattermost-plugin-azure-devops/server/plugin/api.go:643.3,644.17 2 0
github.com/mattermost/mattermost-plugin-azure-devops/server/plugin/api.go:650.3,679.4 1 0
github.com/mattermost/mattermost-plugin-azure-devops/server/plugin/api.go:680.49,682.61 2 0
github.com/mattermost/mattermost-plugin-azure-devops/server/plugin/api.go:689.3,689.22 1 0
github.com/mattermost/mattermost-plugin-azure-devops/server/plugin/api.go:693.3,722.4 1 0
github.com/mattermost/mattermost-plugin-azure-devops/server/plugin/api.go:723.51,725.17 2 0
github.com/mattermost/mattermost-plugin-azure-devops/server/plugin/api.go:731.3,754.4 1 0
github.com/mattermost/mattermost-plugin-azure-devops/server/plugin/api.go:755.59,775.4 1 0
github.com/mattermost/mattermost-plugin-azure-devops/server/plugin/api.go:776.61,778.20 2 0
github.com/mattermost/mattermost-plugin-azure-devops/server/plugin/api.go:782.3,805.4 1 0
github.com/mattermost/mattermost-plugin-azure-devops/server/plugin/api.go:806.55,819.4 1 0
github.com/mattermost/mattermost-plugin-azure-devops/server/plugin/api.go:820.50,833.4 1 0
github.com/mattermost/mattermost-plugin-azure-devops/server/plugin/api.go:525.64,527.4 1 0
github.com/mattermost/mattermost-plugin-azure-devops/server/plugin/api.go:529.64,531.4 1 0
github.com/mattermost/mattermost-plugin-azure-devops/server/plugin/api.go:562.76,564.4 1 0
github.com/mattermost/mattermost-plugin-azure-devops/server/plugin/api.go:566.76,568.4 1 0
github.com/mattermost/mattermost-plugin-azure-devops/server/plugin/api.go:572.17,576.4 3 0
github.com/mattermost/mattermost-plugin-azure-devops/server/plugin/api.go:580.61,584.4 3 0
github.com/mattermost/mattermost-plugin-azure-devops/server/plugin/api.go:617.51,619.4 1 0
github.com/mattermost/mattermost-plugin-azure-devops/server/plugin/api.go:621.20,623.4 1 0
github.com/mattermost/mattermost-plugin-azure-devops/server/plugin/api.go:637.17,641.4 3 0
github.com/mattermost/mattermost-plugin-azure-devops/server/plugin/api.go:644.17,648.4 3 0
github.com/mattermost/mattermost-plugin-azure-devops/server/plugin/api.go:682.61,684.51 2 0
github.com/mattermost/mattermost-plugin-azure-devops/server/plugin/api.go:684.51,686.5 1 0
github.com/mattermost/mattermost-plugin-azure-devops/server/plugin/api.go:689.22,691.4 1 0
github.com/mattermost/mattermost-plugin-azure-devops/server/plugin/api.go:725.17,729.4 3 0
github.com/mattermost/mattermost-plugin-azure-devops/server/plugin/api.go:778.20,780.4 1 0
github.com/mattermost/mattermost-plugin-azure-devops/server/plugin/api.go:842.50,844.3 1 0
github.com/mattermost/mattermost-plugin-azure-devops/server/plugin/api.go:849.84,852.16 3 1
github.com/mattermost/mattermost-plugin-azure-devops/server/plugin/api.go:858.2,858.85 1 1
github.com/mattermost/mattermost-plugin-azure-devops/server/plugin/api.go:864.2,865.16 2 1
github.com/mattermost/mattermost-plugin-azure-devops/server/plugin/api.go:871.2,885.28 2 1
github.com/mattermost/mattermost-plugin-azure-devops/server/plugin/api.go:891.2,892.22 2 1
github.com/mattermost/mattermost-plugin-azure-devops/server/plugin/api.go:898.2,898.19 1 1
github.com/mattermost/mattermost-plugin-azure-devops/server/plugin/api.go:852.16,856.3 3 1
github.com/mattermost/mattermost-plugin-azure-devops/server/plugin/api.go:858.85,862.3 3 1
github.com/mattermost/mattermost-plugin-azure-devops/server/plugin/api.go:865.16,869.3 3 0
github.com/mattermost/mattermost-plugin-azure-devops/server/plugin/api.go:885.28,889.3 3 0
github.com/mattermost/mattermost-plugin-azure-devops/server/plugin/api.go:892.22,896.3 3 0
github.com/mattermost/mattermost-plugin-azure-devops/server/plugin/api.go:901.122,902.142 1 1
github.com/mattermost/mattermost-plugin-azure-devops/server/plugin/api.go:906.2,906.77 1 1
github.com/mattermost/mattermost-plugin-azure-devops/server/plugin/api.go:910.2,910.27 1 1
github.com/mattermost/mattermost-plugin-azure-devops/server/plugin/api.go:902.142,904.3 1 0
github.com/mattermost/mattermost-plugin-azure-devops/server/plugin/api.go:906.77,908.3 1 0
github.com/mattermost/mattermost-plugin-azure-devops/server/plugin/api.go:913.81,917.30 4 1
github.com/mattermost/mattermost-plugin-azure-devops/server/plugin/api.go:923.2,924.23 2 1
github.com/mattermost/mattermost-plugin-azure-devops/server/plugin/api.go:930.2,931.21 2 1
github.com/mattermost/mattermost-plugin-azure-devops/server/plugin/api.go:936.2,937.35 2 1
github.com/mattermost/mattermost-plugin-azure-devops/server/plugin/api.go:942.2,942.29 1 1
github.com/mattermost/mattermost-plugin-azure-devops/server/plugin/api.go:947.2,947.68 1 1
github.com/mattermost/mattermost-plugin-azure-devops/server/plugin/api.go:917.30,921.3 3 1
github.com/mattermost/mattermost-plugin-azure-devops/server/plugin/api.go:924.23,928.3 3 0
github.com/mattermost/mattermost-plugin-azure-devops/server/plugin/api.go:931.21,934.3 2 0
github.com/mattermost/mattermost-plugin-azure-devops/server/plugin/api.go:937.35,938.82 1 1
github.com/mattermost/mattermost-plugin-azure-devops/server/plugin/api.go:938.82,940.4 1 1
github.com/mattermost/mattermost-plugin-azure-devops/server/plugin/api.go:942.29,945.3 2 0
github.com/mattermost/mattermost-plugin-azure-devops/server/plugin/api.go:947.68,950.3 2 0
github.com/mattermost/mattermost-plugin-azure-devops/server/plugin/api.go:953.72,954.54 1 1
github.com/mattermost/mattermost-plugin-azure-devops/server/plugin/api.go:954.54,957.43 3 0
github.com/mattermost/mattermost-plugin-azure-devops/server/plugin/api.go:966.3,966.16 1 0
github.com/mattermost/mattermost-plugin-azure-devops/server/plugin/api.go:957.43,958.61 1 0
github.com/mattermost/mattermost-plugin-azure-devops/server/plugin/api.go:964.4,964.10 1 0
github.com/mattermost/mattermost-plugin-azure-devops/server/plugin/api.go:958.61,960.5 1 0
github.com/mattermost/mattermost-plugin-azure-devops/server/plugin/api.go:960.10,963.5 2 0
github.com/mattermost/mattermost-plugin-azure-devops/server/plugin/api.go:970.44,975.2 4 1
github.com/mattermost/mattermost-plugin-azure-devops/server/plugin/api.go:977.85,982.16 5 1
github.com/mattermost/mattermost-plugin-azure-devops/server/plugin/api.go:986.2,986.45 1 1
github.com/mattermost/mattermost-plugin-azure-devops/server/plugin/api.go:982.16,984.3 1 0
github.com/mattermost/mattermost-plugin-azure-devops/server/plugin/api.go:986.45,988.3 1 0
github.com/mattermost/mattermost-plugin-azure-devops/server/plugin/api.go:992.83,993.54 1 1
github.com/mattermost/mattermost-plugin-azure-devops/server/plugin/api.go:993.54,995.29 2 0
github.com/mattermost/mattermost-plugin-azure-devops/server/plugin/api.go:1000.3,1000.19 1 0
github.com/mattermost/mattermost-plugin-azure-devops/server/plugin/api.go:995.29,998.4 2 0
github.com/mattermost/mattermost-plugin-azure-devops/server/plugin/api.go:1004.96,1009.16 5 1
github.com/mattermost/mattermost-plugin-azure-devops/server/plugin/api.go:1012.2,1012.45 1 1
github.com/mattermost/mattermost-plugin-azure-devops/server/plugin/api.go:1009.16,1011.3 1 0
github.com/mattermost/mattermost-plugin-azure-devops/server/plugin/api.go:1012.45,1014.3 1 0
github.com/mattermost/mattermost-plugin-azure-devops/server/plugin/api.go:1018.86,1021.16 3 1
github.com/mattermost/mattermost-plugin-azure-devops/server/plugin/api.go:1027.2,1027.40 1 1
github.com/mattermost/mattermost-plugin-azure-devops/server/plugin/api.go:1033.2,1039.30 2 1
github.com/mattermost/mattermost-plugin-azure-devops/server/plugin/api.go:1021.16,1025.3 3 1
github.com/mattermost/mattermost-plugin-azure-devops/server/plugin/api.go:1027.40,1031.3 3 1
github.com/mattermost/mattermost-plugin-azure-devops/server/plugin/api.go:1042.83,1049.87 5 1
github.com/mattermost/mattermost-plugin-azure-devops/server/plugin/api.go:1055.2,1056.16 2 1
github.com/mattermost/mattermost-plugin-azure-devops/server/plugin/api.go:1062.2,1062.32 1 1
github.com/mattermost/mattermost-plugin-azure-devops/server/plugin/api.go:1049.87,1053.3 3 1
github.com/mattermost/mattermost-plugin-azure-devops/server/plugin/api.go:1056.16,1060.3 3 1
github.com/mattermost/mattermost-plugin-azure-devops/server/plugin/api.go:1065.89,1073.73 6 1
github.com/mattermost/mattermost-plugin-azure-devops/server/plugin/api.go:1079.2,1080.16 2 1
github.com/mattermost/mattermost-plugin-azure-devops/server/plugin/api.go:1087.2,1087.39 1 1
github.com/mattermost/mattermost-plugin-azure-devops/server/plugin/api.go:1093.2,1093.32 1 1
github.com/mattermost/mattermost-plugin-azure-devops/server/plugin/api.go:1073.73,1077.3 3 1
github.com/mattermost/mattermost-plugin-azure-devops/server/plugin/api.go:1080.16,1084.3 3 1
github.com/mattermost/mattermost-plugin-azure-devops/server/plugin/api.go:1087.39,1088.74 1 1
github.com/mattermost/mattermost-plugin-azure-devops/server/plugin/api.go:1088.74,1090.4 1 1
github.com/mattermost/mattermost-plugin-azure-devops/server/plugin/api.go:1096.100,1100.16 3 1
github.com/mattermost/mattermost-plugin-azure-devops/server/plugin/api.go:1106.2,1106.85 1 1
github.com/mattermost/mattermost-plugin-azure-devops/server/plugin/api.go:1112.2,1113.16 2 1
github.com/mattermost/mattermost-plugin-azure-devops/server/plugin/api.go:1119.2,1120.62 2 1
github.com/mattermost/mattermost-plugin-azure-devops/server/plugin/api.go:1124.2,1124.36 1 1
github.com/mattermost/mattermost-plugin-azure-devops/server/plugin/api.go:1100.16,1104.3 3 0
github.com/mattermost/mattermost-plugin-azure-devops/server/plugin/api.go:1106.85,1110.3 3 1
github.com/mattermost/mattermost-plugin-azure-devops/server/plugin/api.go:1113.16,1117.3 3 1
github.com/mattermost/mattermost-plugin-azure-devops/server/plugin/api.go:1120.62,1122.3 1 1
github.com/mattermost/mattermost-plugin-azure-devops/server/plugin/api.go:1127.66,1130.16 3 1
github.com/mattermost/mattermost-plugin-azure-devops/server/plugin/api.go:1136.2,1136.37 1 1
github.com/mattermost/mattermost-plugin-azure-devops/server/plugin/api.go:1130.16,1134.3 3 1
github.com/mattermost/mattermost-plugin-azure-devops/server/plugin/api.go:1136.37,1140.3 3 0
github.com/mattermost/mattermost-plugin-azure-devops/server/plugin/api.go:1143.63,1144.71 1 1
github.com/mattermost/mattermost-plugin-azure-devops/server/plugin/api.go:1144.71,1145.16 1 1
github.com/mattermost/mattermost-plugin-azure-devops/server/plugin/api.go:1154.3,1154.23 1 1
github.com/mattermost/mattermost-plugin-azure-devops/server/plugin/api.go:1145.16,1146.32 1 1
github.com/mattermost/mattermost-plugin-azure-devops/server/plugin/api.go:1146.32,1151.5 1 1
github.com/mattermost/mattermost-plugin-azure-devops/server/plugin/api.go:1159.38,1161.16 2 1
github.com/mattermost/mattermost-plugin-azure-devops/server/plugin/api.go:1167.2,1167.135 1 1
github.com/mattermost/mattermost-plugin-azure-devops/server/plugin/api.go:1161.16,1164.3 2 0
github.com/mattermost/mattermost-plugin-azure-devops/server/plugin/client.go:43.115,47.16 3 1
github.com/mattermost/mattermost-plugin-azure-devops/server/plugin/client.go:51.2,51.46 1 1
github.com/mattermost/mattermost-plugin-azure-devops/server/plugin/client.go:47.16,49.3 1 1
github.com/mattermost/mattermost-plugin-azure-devops/server/plugin/client.go:55.135,68.35 4 1
github.com/mattermost/mattermost-plugin-azure-devops/server/plugin/client.go:77.2,77.32 1 1
github.com/mattermost/mattermost-plugin-azure-devops/server/plugin/client.go:87.2,89.16 3 1
github.com/mattermost/mattermost-plugin-azure-devops/server/plugin/client.go:93.2,93.30 1 1
github.com/mattermost/mattermost-plugin-azure-devops/server/plugin/client.go:68.35,76.3 1 1
github.com/mattermost/mattermost-plugin-azure-devops/server/plugin/client.go:77.32,85.3 1 1
github.com/mattermost/mattermost-plugin-azure-devops/server/plugin/client.go:89.16,91.3 1 1
github.com/mattermost/mattermost-plugin-azure-devops/server/plugin/client.go:97.123,102.16 4 1
github.com/mattermost/mattermost-plugin-azure-devops/server/plugin/client.go:106.2,106.30 1 1
github.com/mattermost/mattermost-plugin-azure-devops/server/plugin/client.go:102.16,104.3 1 1
github.com/mattermost/mattermost-plugin-azure-devops/server/plugin/client.go:110.139,115.16 4 1
github.com/mattermost/mattermost-plugin-azure-devops/server/plugin/client.go:119.2,119.37 1 1
github.com/mattermost/mattermost-plugin-azure-devops/server/plugin/client.go:115.16,117.3 1 1
github.com/mattermost/mattermost-plugin-azure-devops/server/plugin/client.go:123.135,128.16 4 1
github.com/mattermost/mattermost-plugin-azure-devops/server/plugin/client.go:132.2,132.38 1 1
github.com/mattermost/mattermost-plugin-azure-devops/server/plugin/client.go:128.16,130.3 1 1
github.com/mattermost/mattermost-plugin-azure-devops/server/plugin/client.go:136.121,141.16 4 1
github.com/mattermost/mattermost-plugin-azure-devops/server/plugin/client.go:144.2,144.33 1 1
github.com/mattermost/mattermost-plugin-azure-devops/server/plugin/client.go:141.16,143.3 1 1
github.com/mattermost/mattermost-plugin-azure-devops/server/plugin/client.go:148.152,151.2 2 1
github.com/mattermost/mattermost-plugin-azure-devops/server/plugin/client.go:177.218,206.16 7 1
github.com/mattermost/mattermost-plugin-azure-devops/server/plugin/client.go:210.2,210.38 1 1
github.com/mattermost/mattermost-plugin-azure-devops/server/plugin/client.go:206.16,208.3 1 1
github.com/mattermost/mattermost-plugin-azure-devops/server/plugin/client.go:216.122,237.16 6 1
github.com/mattermost/mattermost-plugin-azure-devops/server/plugin/client.go:241.2,241.24 1 1
github.com/mattermost/mattermost-plugin-azure-devops/server/plugin/client.go:237.16,239.3 1 1
github.com/mattermost/mattermost-plugin-azure-devops/server/plugin/client.go:244.105,247.16 3 1
github.com/mattermost/mattermost-plugin-azure-devops/server/plugin/client.go:251.2,251.24 1 1
github.com/mattermost/mattermost-plugin-azure-devops/server/plugin/client.go:247.16,249.3 1 1
github.com/mattermost/mattermost-plugin-azure-devops/server/plugin/client.go:254.140,259.16 4 1
github.com/mattermost/mattermost-plugin-azure-devops/server/plugin/client.go:263.2,263.41 1 1
github.com/mattermost/mattermost-plugin-azure-devops/server/plugin/client.go:259.16,261.3 1 1
github.com/mattermost/mattermost-plugin-azure-devops/server/plugin/client.go:266.154,271.16 4 1
github.com/mattermost/mattermost-plugin-azure-devops/server/plugin/client.go:275.2,275.45 1 1
github.com/mattermost/mattermost-plugin-azure-devops/server/plugin/client.go:271.16,273.3 1 1
github.com/mattermost/mattermost-plugin-azure-devops/server/plugin/client.go:278.229,282.41 3 1
github.com/mattermost/mattermost-plugin-azure-devops/server/plugin/client.go:286.2,300.66 2 1
github.com/mattermost/mattermost-plugin-azure-devops/server/plugin/client.go:307.2,309.16 3 1
github.com/mattermost/mattermost-plugin-azure-devops/server/plugin/client.go:313.2,313.53 1 1
github.com/mattermost/mattermost-plugin-azure-devops/server/plugin/client.go:282.41,284.3 1 1
github.com/mattermost/mattermost-plugin-azure-devops/server/plugin/client.go:300.66,305.3 1 0
github.com/mattermost/mattermost-plugin-azure-devops/server/plugin/client.go:309.16,311.3 1 1
github.com/mattermost/mattermost-plugin-azure-devops/server/plugin/client.go:317.169,320.55 3 1
github.com/mattermost/mattermost-plugin-azure-devops/server/plugin/client.go:323.2,323.87 1 1
github.com/mattermost/mattermost-plugin-azure-devops/server/plugin/client.go:320.55,322.3 1 0
github.com/mattermost/mattermost-plugin-azure-devops/server/plugin/client.go:327.164,330.55 3 1
github.com/mattermost/mattermost-plugin-azure-devops/server/plugin/client.go:333.2,333.87 1 1
github.com/mattermost/mattermost-plugin-azure-devops/server/plugin/client.go:330.55,332.3 1 0
github.com/mattermost/mattermost-plugin-azure-devops/server/plugin/client.go:337.199,340.16 3 1
github.com/mattermost/mattermost-plugin-azure-devops/server/plugin/client.go:344.2,344.48 1 1
github.com/mattermost/mattermost-plugin-azure-devops/server/plugin/client.go:357.2,357.40 1 1
github.com/mattermost/mattermost-plugin-azure-devops/server/plugin/client.go:382.2,383.23 2 1
github.com/mattermost/mattermost-plugin-azure-devops/server/plugin/client.go:395.2,395.28 1 1
github.com/mattermost/mattermost-plugin-azure-devops/server/plugin/client.go:401.2,401.23 1 1
github.com/mattermost/mattermost-plugin-azure-devops/server/plugin/client.go:405.2,406.16 2 1
github.com/mattermost/mattermost-plugin-azure-devops/server/plugin/client.go:410.2,410.22 1 0
github.com/mattermost/mattermost-plugin-azure-devops/server/plugin/client.go:413.2,416.16 3 0
github.com/mattermost/mattermost-plugin-azure-devops/server/plugin/client.go:420.2,420.25 1 0
github.com/mattermost/mattermost-plugin-azure-devops/server/plugin/client.go:436.2,437.62 2 0
github.com/mattermost/mattermost-plugin-azure-devops/server/plugin/client.go:440.2,440.86 1 0
github.com/mattermost/mattermost-plugin-azure-devops/server/plugin/client.go:340.16,342.3 1 0
github.com/mattermost/mattermost-plugin-azure-devops/server/plugin/client.go:344.48,347.17 3 1
github.com/mattermost/mattermost-plugin-azure-devops/server/plugin/client.go:350.3,350.21 1 1
github.com/mattermost/mattermost-plugin-azure-devops/server/plugin/client.go:353.3,353.33 1 1
github.com/mattermost/mattermost-plugin-azure-devops/server/plugin/client.go:347.17,349.4 1 0
github.com/mattermost/mattermost-plugin-azure-devops/server/plugin/client.go:350.21,352.4 1 1
github.com/mattermost/mattermost-plugin-azure-devops/server/plugin/client.go:357.40,358.114 1 1
github.com/mattermost/mattermost-plugin-azure-devops/server/plugin/client.go:358.114,359.115 1 0
github.com/mattermost/mattermost-plugin-azure-devops/server/plugin/client.go:359.115,361.83 2 0
github.com/mattermost/mattermost-plugin-azure-devops/server/plugin/client.go:368.5,374.80 2 0
github.com/mattermost/mattermost-plugin-azure-devops/server/plugin/client.go:377.5,377.67 1 0
github.com/mattermost/mattermost-plugin-azure-devops/server/plugin/client.go:361.83,362.21 1 0
github.com/mattermost/mattermost-plugin-azure-devops/server/plugin/client.go:365.6,365.45 1 0
github.com/mattermost/mattermost-plugin-azure-devops/server/plugin/client.go:362.21,364.7 1 0
github.com/mattermost/mattermost-plugin-azure-devops/server/plugin/client.go:374.80,376.6 1 0
github.com/mattermost/mattermost-plugin-azure-devops/server/plugin/client.go:383.23,385.17 2 1
github.com/mattermost/mattermost-plugin-azure-devops/server/plugin/client.go:385.17,387.4 1 0
github.com/mattermost/mattermost-plugin-azure-devops/server/plugin/client.go:388.8,390.17 2 0
github.com/mattermost/mattermost-plugin-azure-devops/server/plugin/client.go:390.17,392.4 1 0
github.com/mattermost/mattermost-plugin-azure-devops/server/plugin/client.go:395.28,396.73 1 1
github.com/mattermost/mattermost-plugin-azure-devops/server/plugin/client.go:396.73,398.4 1 0
github.com/mattermost/mattermost-plugin-azure-devops/server/plugin/client.go:401.23,403.3 1 1
github.com/mattermost/mattermost-plugin-azure-devops/server/plugin/client.go:406.16,408.3 1 1
github.com/mattermost/mattermost-plugin-azure-devops/server/plugin/client.go:410.22,412.3 1 0
github.com/mattermost/mattermost-plugin-azure-devops/server/plugin/client.go:416.16,418.3 1 0
github.com/mattermost/mattermost-plugin-azure-devops/server/plugin/client.go:421.41,422.17 1 0
github.com/mattermost/mattermost-plugin-azure-devops/server/plugin/client.go:427.3,427.44 1 0
github.com/mattermost/mattermost-plugin-azure-devops/server/plugin/client.go:429.28,430.35 1 0
github.com/mattermost/mattermost-plugin-azure-devops/server/plugin/client.go:432.27,433.43 1 0
github.com/mattermost/mattermost-plugin-azure-devops/server/plugin/client.go:422.17,423.59 1 0
github.com/mattermost/mattermost-plugin-azure-devops/server/plugin/client.go:423.59,425.5 1 0
github.com/mattermost/mattermost-plugin-azure-devops/server/plugin/client.go:437.62,439.3 1 0
github.com/mattermost/mattermost-plugin-azure-devops/server/plugin/client.go:443.35,448.2 1 1
